Using pre-set license
Built from '2021.2/staging' branch; Version is '2021.2.1f1 (c20c6d589440) revision 12717165'; Using compiler version '192829333'; Build Type 'Release'
OS: 'Windows 10 Home; OS build 19042.1288; Version 2009; 64bit' Language: 'en' Physical Memory: 32720 MB
BatchMode: 1, IsHumanControllingUs: 0, StartBugReporterOnCrash: 0, Is64bit: 1, IsPro: 0

COMMAND LINE ARGUMENTS:
C:\Program Files\Unity\Hub\Editor\2021.2.1f1\Editor\Unity.exe
-adb2
-batchMode
-noUpm
-name
AssetImportWorker1
-projectPath
C:/Users/brian/Documents/Unity Projects/FleetCommand
-logFile
Logs/AssetImportWorker1.log
-srvPort
53500
Successfully changed project path to: C:/Users/brian/Documents/Unity Projects/FleetCommand
C:/Users/brian/Documents/Unity Projects/FleetCommand
[UnityMemory] Configuration Parameters - Can be set up in boot.config
    "memorysetup-bucket-allocator-granularity=16"
    "memorysetup-bucket-allocator-bucket-count=8"
    "memorysetup-bucket-allocator-block-size=33554432"
    "memorysetup-bucket-allocator-block-count=8"
    "memorysetup-main-allocator-block-size=16777216"
    "memorysetup-thread-allocator-block-size=16777216"
    "memorysetup-gfx-main-allocator-block-size=16777216"
    "memorysetup-gfx-thread-allocator-block-size=16777216"
    "memorysetup-cache-allocator-block-size=4194304"
    "memorysetup-typetree-allocator-block-size=2097152"
    "memorysetup-profiler-bucket-allocator-granularity=16"
    "memorysetup-profiler-bucket-allocator-bucket-count=8"
    "memorysetup-profiler-bucket-allocator-block-size=33554432"
    "memorysetup-profiler-bucket-allocator-block-count=8"
    "memorysetup-profiler-allocator-block-size=16777216"
    "memorysetup-profiler-editor-allocator-block-size=1048576"
    "memorysetup-temp-allocator-size-main=16777216"
    "memorysetup-job-temp-allocator-block-size=2097152"
    "memorysetup-job-temp-allocator-block-size-background=1048576"
    "memorysetup-job-temp-allocator-reduction-small-platforms=262144"
    "memorysetup-temp-allocator-size-background-worker=32768"
    "memorysetup-temp-allocator-size-job-worker=262144"
    "memorysetup-temp-allocator-size-preload-manager=33554432"
    "memorysetup-temp-allocator-size-nav-mesh-worker=65536"
    "memorysetup-temp-allocator-size-audio-worker=65536"
    "memorysetup-temp-allocator-size-cloud-worker=32768"
    "memorysetup-temp-allocator-size-gi-baking-worker=262144"
    "memorysetup-temp-allocator-size-gfx=262144"
Refreshing native plugins compatible for Editor in 250.18 ms, found 3 plugins.
Preloading 0 native plugins for Editor in 0.00 ms.
Initialize engine version: 2021.2.1f1 (c20c6d589440)
[Subsystems] Discovering subsystems at path C:/Program Files/Unity/Hub/Editor/2021.2.1f1/Editor/Data/Resources/UnitySubsystems
[Subsystems] Discovering subsystems at path C:/Users/brian/Documents/Unity Projects/FleetCommand/Assets
GfxDevice: creating device client; threaded=0; jobified=0
Direct3D:
    Version:  Direct3D 11.0 [level 11.1]
    Renderer: NVIDIA GeForce RTX 2070 (ID=0x1f02)
    Vendor:   NVIDIA
    VRAM:     8031 MB
    Driver:   30.0.14.7212
Initialize mono
Mono path[0] = 'C:/Program Files/Unity/Hub/Editor/2021.2.1f1/Editor/Data/Managed'
Mono path[1] = 'C:/Program Files/Unity/Hub/Editor/2021.2.1f1/Editor/Data/MonoBleedingEdge/lib/mono/unityjit-win32'
Mono config path = 'C:/Program Files/Unity/Hub/Editor/2021.2.1f1/Editor/Data/MonoBleedingEdge/etc'
Using monoOptions --debugger-agent=transport=dt_socket,embedding=1,server=y,suspend=n,address=127.0.0.1:56416
Begin MonoManager ReloadAssembly
Registering precompiled unity dll's ...
Register platform support module: C:/Program Files/Unity/Hub/Editor/2021.2.1f1/Editor/Data/PlaybackEngines/WindowsStandaloneSupport/UnityEditor.WindowsStandalone.Extensions.dll
Registered in 0.010583 seconds.
Native extension for WindowsStandalone target not found
Refreshing native plugins compatible for Editor in 114.16 ms, found 3 plugins.
Preloading 0 native plugins for Editor in 0.00 ms.
Mono: successfully reloaded assembly
- Completed reload, in  1.378 seconds
Domain Reload Profiling:
	ReloadAssembly (1378ms)
		BeginReloadAssembly (109ms)
			ExecutionOrderSort (0ms)
			DisableScriptedObjects (0ms)
			BackupInstance (0ms)
			ReleaseScriptingObjects (0ms)
			CreateAndSetChildDomain (1ms)
		EndReloadAssembly (556ms)
			LoadAssemblies (105ms)
			RebuildTransferFunctionScriptingTraits (0ms)
			SetupTypeCache (111ms)
			ReleaseScriptCaches (0ms)
			RebuildScriptCaches (34ms)
			SetupLoadedEditorAssemblies (348ms)
				LogAssemblyErrors (0ms)
				InitializePlatformSupportModulesInManaged (9ms)
				SetLoadedEditorAssemblies (0ms)
				RefreshPlugins (114ms)
				BeforeProcessingInitializeOnLoad (2ms)
				ProcessInitializeOnLoadAttributes (168ms)
				ProcessInitializeOnLoadMethodAttributes (54ms)
				AfterProcessingInitializeOnLoad (0ms)
				EditorAssembliesLoaded (0ms)
			ExecutionOrderSort2 (0ms)
			AwakeInstancesAfterBackupRestoration (0ms)
Platform modules already initialized, skipping
Registering precompiled user dll's ...
Registered in 0.020289 seconds.
Begin MonoManager ReloadAssembly
Symbol file LoadedFromMemory doesn't match image C:\Users\brian\Documents\Unity Projects\FleetCommand\Library\PackageCache\com.unity.visualscripting@1.7.2\Editor\VisualScripting.Core\Dependencies\YamlDotNet\Unity.VisualScripting.YamlDotNet.dll
Symbol file LoadedFromMemory doesn't match image C:\Users\brian\Documents\Unity Projects\FleetCommand\Library\PackageCache\com.unity.visualscripting@1.7.2\Editor\VisualScripting.Core\Dependencies\DotNetZip\Unity.VisualScripting.IonicZip.dll
Native extension for WindowsStandalone target not found
Refreshing native plugins compatible for Editor in 123.80 ms, found 3 plugins.
Preloading 0 native plugins for Editor in 0.00 ms.
Mono: successfully reloaded assembly
- Completed reload, in  3.088 seconds
Domain Reload Profiling:
	ReloadAssembly (3089ms)
		BeginReloadAssembly (210ms)
			ExecutionOrderSort (0ms)
			DisableScriptedObjects (7ms)
			BackupInstance (0ms)
			ReleaseScriptingObjects (0ms)
			CreateAndSetChildDomain (22ms)
		EndReloadAssembly (2756ms)
			LoadAssemblies (108ms)
			RebuildTransferFunctionScriptingTraits (0ms)
			SetupTypeCache (322ms)
			ReleaseScriptCaches (1ms)
			RebuildScriptCaches (81ms)
			SetupLoadedEditorAssemblies (2117ms)
				LogAssemblyErrors (0ms)
				InitializePlatformSupportModulesInManaged (14ms)
				SetLoadedEditorAssemblies (0ms)
				RefreshPlugins (124ms)
				BeforeProcessingInitializeOnLoad (139ms)
				ProcessInitializeOnLoadAttributes (1716ms)
				ProcessInitializeOnLoadMethodAttributes (109ms)
				AfterProcessingInitializeOnLoad (15ms)
				EditorAssembliesLoaded (0ms)
			ExecutionOrderSort2 (0ms)
			AwakeInstancesAfterBackupRestoration (8ms)
Platform modules already initialized, skipping
========================================================================
Worker process is ready to serve import requests
Launched and connected shader compiler UnityShaderCompiler.exe after 0.08 seconds
Refreshing native plugins compatible for Editor in 1.14 ms, found 3 plugins.
Preloading 0 native plugins for Editor in 0.00 ms.
Unloading 4859 Unused Serialized files (Serialized files now loaded: 0)
Unloading 52 unused Assets / (0.8 MB). Loaded Objects now: 5357.
Memory consumption went from 263.4 MB to 262.5 MB.
Total: 26.590000 ms (FindLiveObjects: 0.465200 ms CreateObjectMapping: 0.121500 ms MarkObjects: 25.584900 ms  DeleteObjects: 0.416600 ms)

AssetImportParameters requested are different than current active one (requested -> active):
  custom:video-decoder-ogg-theora: a1e56fd34408186e4bbccfd4996cb3dc -> 
  custom:container-muxer-webm: aa71ff27fc2769a1b78a27578f13a17b -> 
  custom:container-demuxer-webm: 4f35f7cbe854078d1ac9338744f61a02 -> 
  custom:video-encoder-webm-vp8: eb34c28f22e8b96e1ab97ce403110664 -> 
  custom:audio-encoder-webm-vorbis: bf7c407c2cedff20999df2af8eb42d56 -> 
  custom:framework-win-MediaFoundation: 216162199b28c13a410421893ffa2e32 -> 
  custom:container-demuxer-ogg: 62fdf1f143b41e24485cea50d1cbac27 -> 
  custom:video-decoder-webm-vp8: 9c59270c3fd7afecdb556c50c9e8de78 -> 
  custom:audio-decoder-ogg-vorbis: bf7c407c2cedff20999df2af8eb42d56 -> 
========================================================================
Received Import Request.
  Time since last request: 916624.294269 seconds.
  path: Assets/UniversalRenderPipelineAsset.asset
  artifactKey: Guid(37462dafcdec06340bdf55776ae8411c) Importer(815301076,1909f56bfc062723c751e8b465ee728b)
Start importing Assets/UniversalRenderPipelineAsset.asset using Guid(37462dafcdec06340bdf55776ae8411c) Importer(815301076,1909f56bfc062723c751e8b465ee728b)  -> (artifact id: '6199fccfc35d1ec72a65bb8051c7a83a') in 0.052165 seconds 
========================================================================
Received Import Request.
  Time since last request: 0.000028 seconds.
  path: Assets/UniversalRenderPipelineGlobalSettings.asset
  artifactKey: Guid(0c43574854c543844a8a465ace0c206e) Importer(815301076,1909f56bfc062723c751e8b465ee728b)
Start importing Assets/UniversalRenderPipelineGlobalSettings.asset using Guid(0c43574854c543844a8a465ace0c206e) Importer(815301076,1909f56bfc062723c751e8b465ee728b)  -> (artifact id: '05e63a1a21045db45ae9277740e166a8') in 0.008896 seconds 
========================================================================
Received Import Request.
  Time since last request: 712.102753 seconds.
  path: Assets/StarSparrow/Textures/BonusContent/Asteroids/AsteroidsLava_EmissionBlue.png
  artifactKey: Guid(853e3999ffda83a44a905e31b9b2f8a0) Importer(815301076,1909f56bfc062723c751e8b465ee728b)
Start importing Assets/StarSparrow/Textures/BonusContent/Asteroids/AsteroidsLava_EmissionBlue.png using Guid(853e3999ffda83a44a905e31b9b2f8a0) Importer(815301076,1909f56bfc062723c751e8b465ee728b)  -> (artifact id: '1dd51dea64bcd9676389aa8974bbfe92') in 0.108059 seconds 
========================================================================
Received Import Request.
  Time since last request: 0.000037 seconds.
  path: Assets/StarSparrow/Readme/Readme Files/Icons/HelpStarSparrow_Icon.png
  artifactKey: Guid(a186f8a87ca4f4d3aa864638ad5dfb65) Importer(815301076,1909f56bfc062723c751e8b465ee728b)
Start importing Assets/StarSparrow/Readme/Readme Files/Icons/HelpStarSparrow_Icon.png using Guid(a186f8a87ca4f4d3aa864638ad5dfb65) Importer(815301076,1909f56bfc062723c751e8b465ee728b)  -> (artifact id: 'ee2105bf636bb26f13172ad7ca0de8b7') in 0.023779 seconds 
========================================================================
Received Import Request.
  Time since last request: 0.000029 seconds.
  path: Assets/StarSparrow/Textures/BonusContent/Mines/MineSample1_MetallicSmoothness.png
  artifactKey: Guid(8d0f2071706729c4d95bb30b050bc137) Importer(815301076,1909f56bfc062723c751e8b465ee728b)
Start importing Assets/StarSparrow/Textures/BonusContent/Mines/MineSample1_MetallicSmoothness.png using Guid(8d0f2071706729c4d95bb30b050bc137) Importer(815301076,1909f56bfc062723c751e8b465ee728b)  -> (artifact id: '8c70a6d310822d2f38beb48ef3b7bcfa') in 0.026090 seconds 
========================================================================
Received Import Request.
  Time since last request: 0.000030 seconds.
  path: Assets/StarSparrow/Textures/BonusContent/MissileBomb/Missile_Emission.png
  artifactKey: Guid(7895bb88d21b82e4c86e0e53289c8afe) Importer(815301076,1909f56bfc062723c751e8b465ee728b)
Start importing Assets/StarSparrow/Textures/BonusContent/MissileBomb/Missile_Emission.png using Guid(7895bb88d21b82e4c86e0e53289c8afe) Importer(815301076,1909f56bfc062723c751e8b465ee728b)  -> (artifact id: '8bfe8c11463c186a1f1b8a76d7145ebc') in 0.024109 seconds 
========================================================================
Received Import Request.
  Time since last request: 0.000024 seconds.
  path: Assets/StarSparrow/Textures/BonusContent/MissileBomb/Missile_Normal.png
  artifactKey: Guid(50cd73a325d3a0145a19c956de7950a5) Importer(815301076,1909f56bfc062723c751e8b465ee728b)
Start importing Assets/StarSparrow/Textures/BonusContent/MissileBomb/Missile_Normal.png using Guid(50cd73a325d3a0145a19c956de7950a5) Importer(815301076,1909f56bfc062723c751e8b465ee728b)  -> (artifact id: 'a3f89eabb6edea59a58ccd5afd8818d4') in 0.051745 seconds 
========================================================================
Received Import Request.
  Time since last request: 0.000032 seconds.
  path: Assets/UI/Defiant.jpg
  artifactKey: Guid(e70e9a28acade964eaeb78170601192b) Importer(815301076,1909f56bfc062723c751e8b465ee728b)
Start importing Assets/UI/Defiant.jpg using Guid(e70e9a28acade964eaeb78170601192b) Importer(815301076,1909f56bfc062723c751e8b465ee728b)  -> (artifact id: '54eab4561c106ab33353915b8bc0ef5e') in 0.022834 seconds 
========================================================================
Received Import Request.
  Time since last request: 0.000032 seconds.
  path: Assets/StarSparrow/Textures/BonusContent/Asteroids/AsteroidsLava_EmissionRed.png
  artifactKey: Guid(e313900dfc5e97e418383a91c126fe36) Importer(815301076,1909f56bfc062723c751e8b465ee728b)
Start importing Assets/StarSparrow/Textures/BonusContent/Asteroids/AsteroidsLava_EmissionRed.png using Guid(e313900dfc5e97e418383a91c126fe36) Importer(815301076,1909f56bfc062723c751e8b465ee728b)  -> (artifact id: 'ddd1c852cb7fc554dc5193fe3ff2ec3d') in 0.019026 seconds 
========================================================================
Received Import Request.
  Time since last request: 0.000025 seconds.
  path: Assets/UI/deflector.png
  artifactKey: Guid(48a80634a1bbe6a4784c054a8604fd69) Importer(815301076,1909f56bfc062723c751e8b465ee728b)
Start importing Assets/UI/deflector.png using Guid(48a80634a1bbe6a4784c054a8604fd69) Importer(815301076,1909f56bfc062723c751e8b465ee728b)  -> (artifact id: '65164afa531890d541694a4121fe974f') in 0.065434 seconds 
========================================================================
Received Import Request.
  Time since last request: 0.000033 seconds.
  path: Assets/StarSparrow/Textures/BonusContent/Mines/MineSample1_EmissionBlue.png
  artifactKey: Guid(6dcf0670d2ea1ca4987d2a0e3d9ab0a8) Importer(815301076,1909f56bfc062723c751e8b465ee728b)
Start importing Assets/StarSparrow/Textures/BonusContent/Mines/MineSample1_EmissionBlue.png using Guid(6dcf0670d2ea1ca4987d2a0e3d9ab0a8) Importer(815301076,1909f56bfc062723c751e8b465ee728b)  -> (artifact id: 'e1ce1bb2bb7f0cd2fe935f300c30bcea') in 0.019532 seconds 
========================================================================
Received Import Request.
  Time since last request: 0.000074 seconds.
  path: Assets/StarSparrow/Textures/BonusContent/Mines/MineSample2_Brown.png
  artifactKey: Guid(89444bc8e26f111479c9f9b288546a0c) Importer(815301076,1909f56bfc062723c751e8b465ee728b)
Start importing Assets/StarSparrow/Textures/BonusContent/Mines/MineSample2_Brown.png using Guid(89444bc8e26f111479c9f9b288546a0c) Importer(815301076,1909f56bfc062723c751e8b465ee728b)  -> (artifact id: '7e4f37a78a9a9dd88999088b0d9cadb3') in 0.020079 seconds 
========================================================================
Received Import Request.
  Time since last request: 0.000020 seconds.
  path: Assets/StarSparrow/Textures/BonusContent/Mines/MineSample1_Normal.png
  artifactKey: Guid(a909b68486656de4986628989cc5f12a) Importer(815301076,1909f56bfc062723c751e8b465ee728b)
Start importing Assets/StarSparrow/Textures/BonusContent/Mines/MineSample1_Normal.png using Guid(a909b68486656de4986628989cc5f12a) Importer(815301076,1909f56bfc062723c751e8b465ee728b)  -> (artifact id: 'ac29ec67fc195cab610eba4a5e1b6c14') in 0.019078 seconds 
========================================================================
Received Import Request.
  Time since last request: 0.000024 seconds.
  path: Assets/StarSparrow/Textures/BonusContent/MissileBomb/Bomb_Emission.png
  artifactKey: Guid(ef46d1ea853d99e4fbaf7d2049aa1537) Importer(815301076,1909f56bfc062723c751e8b465ee728b)
Start importing Assets/StarSparrow/Textures/BonusContent/MissileBomb/Bomb_Emission.png using Guid(ef46d1ea853d99e4fbaf7d2049aa1537) Importer(815301076,1909f56bfc062723c751e8b465ee728b)  -> (artifact id: 'f55d5bdb95301150e32cd506c7d0567d') in 0.017377 seconds 
========================================================================
Received Import Request.
  Time since last request: 0.000025 seconds.
  path: Assets/GalaxyFire/Textures/front_galaxyfire.tif
  artifactKey: Guid(f689d46fa2a6e254abad7c15b73c3f4a) Importer(815301076,1909f56bfc062723c751e8b465ee728b)
Start importing Assets/GalaxyFire/Textures/front_galaxyfire.tif using Guid(f689d46fa2a6e254abad7c15b73c3f4a) Importer(815301076,1909f56bfc062723c751e8b465ee728b)  -> (artifact id: '53409e423a718df6ff0c13343f8a415b') in 0.022116 seconds 
========================================================================
Received Import Request.
  Time since last request: 0.000021 seconds.
  path: Assets/StarSparrow/Textures/BonusContent/MissileBomb/Missile_Grey.png
  artifactKey: Guid(da3c18cd4f90b7d48900ea3471d8d61d) Importer(815301076,1909f56bfc062723c751e8b465ee728b)
Start importing Assets/StarSparrow/Textures/BonusContent/MissileBomb/Missile_Grey.png using Guid(da3c18cd4f90b7d48900ea3471d8d61d) Importer(815301076,1909f56bfc062723c751e8b465ee728b)  -> (artifact id: '9b9ea51197ff6cdc873673b4b46d1c9c') in 0.016833 seconds 
========================================================================
Received Import Request.
  Time since last request: 0.000028 seconds.
  path: Assets/Materials/Phaser_01.png
  artifactKey: Guid(ad7ea43044e73794f800ac9065e89703) Importer(815301076,1909f56bfc062723c751e8b465ee728b)
Start importing Assets/Materials/Phaser_01.png using Guid(ad7ea43044e73794f800ac9065e89703) Importer(815301076,1909f56bfc062723c751e8b465ee728b)  -> (artifact id: '5bb0c4fadcf43673b5c8966ac33be1bc') in 0.018605 seconds 
========================================================================
Received Import Request.
  Time since last request: 0.000023 seconds.
  path: Assets/StarSparrow/Textures/BonusContent/Asteroids/AsteroidsLava_Grey.png
  artifactKey: Guid(795d73f8d514ef943bdeca72975d452d) Importer(815301076,1909f56bfc062723c751e8b465ee728b)
Start importing Assets/StarSparrow/Textures/BonusContent/Asteroids/AsteroidsLava_Grey.png using Guid(795d73f8d514ef943bdeca72975d452d) Importer(815301076,1909f56bfc062723c751e8b465ee728b)  -> (artifact id: 'b812377e0f04a96092977a7fdb210d87') in 0.018742 seconds 
========================================================================
Received Import Request.
  Time since last request: 0.000030 seconds.
  path: Assets/Plugins/Sirenix/Odin Inspector/Assets/Editor/Odin Inspector Logo.png
  artifactKey: Guid(a78bffbeb81b48ae9ec71ad7969613e5) Importer(815301076,1909f56bfc062723c751e8b465ee728b)
Start importing Assets/Plugins/Sirenix/Odin Inspector/Assets/Editor/Odin Inspector Logo.png using Guid(a78bffbeb81b48ae9ec71ad7969613e5) Importer(815301076,1909f56bfc062723c751e8b465ee728b)  -> (artifact id: 'a16e5e267d0d5432f8c34c040263641f') in 0.018343 seconds 
========================================================================
Received Import Request.
  Time since last request: 0.000034 seconds.
  path: Assets/Materials/Phaser.png
  artifactKey: Guid(f1b7e2ea73cab17478ef0086e7f89e66) Importer(815301076,1909f56bfc062723c751e8b465ee728b)
Start importing Assets/Materials/Phaser.png using Guid(f1b7e2ea73cab17478ef0086e7f89e66) Importer(815301076,1909f56bfc062723c751e8b465ee728b)  -> (artifact id: '7232d68eba3205967ab9eb1155d17aa6') in 0.016586 seconds 
========================================================================
Received Import Request.
  Time since last request: 0.000034 seconds.
  path: Assets/StarSparrow/Textures/BonusContent/Planet/Clouds.png
  artifactKey: Guid(478a6b3965fdb3749a9bbce2e0036b1d) Importer(815301076,1909f56bfc062723c751e8b465ee728b)
Start importing Assets/StarSparrow/Textures/BonusContent/Planet/Clouds.png using Guid(478a6b3965fdb3749a9bbce2e0036b1d) Importer(815301076,1909f56bfc062723c751e8b465ee728b)  -> (artifact id: '84242b28a4b89d0ef6ca4703a9ab0d4f') in 0.037920 seconds 
========================================================================
Received Import Request.
  Time since last request: 0.000033 seconds.
  path: Assets/GalaxyFire/Textures/back_galaxyfire.tif
  artifactKey: Guid(4bcc09e8d515d584b86b8ec5c19e8b3f) Importer(815301076,1909f56bfc062723c751e8b465ee728b)
Start importing Assets/GalaxyFire/Textures/back_galaxyfire.tif using Guid(4bcc09e8d515d584b86b8ec5c19e8b3f) Importer(815301076,1909f56bfc062723c751e8b465ee728b)  -> (artifact id: 'ae03387d0713493b62284fb2e6f7537e') in 0.018064 seconds 
========================================================================
Received Import Request.
  Time since last request: 0.000023 seconds.
  path: Assets/UI/blastersBlue.png
  artifactKey: Guid(dd1c4b9c0409a1f48ad46bd4fce68fb0) Importer(815301076,1909f56bfc062723c751e8b465ee728b)
Start importing Assets/UI/blastersBlue.png using Guid(dd1c4b9c0409a1f48ad46bd4fce68fb0) Importer(815301076,1909f56bfc062723c751e8b465ee728b)  -> (artifact id: '042dcd8179466beca16f96ac75a38a28') in 0.035061 seconds 
========================================================================
Received Import Request.
  Time since last request: 0.534205 seconds.
  path: Assets/StarSparrow/Materials/phaserMask.png
  artifactKey: Guid(46656fa65bdcdd247b64183a80de5629) Importer(815301076,1909f56bfc062723c751e8b465ee728b)
Start importing Assets/StarSparrow/Materials/phaserMask.png using Guid(46656fa65bdcdd247b64183a80de5629) Importer(815301076,1909f56bfc062723c751e8b465ee728b)  -> (artifact id: '5900d8d369612c63f16dc94c78605d13') in 0.016743 seconds 
========================================================================
Received Import Request.
  Time since last request: 0.000023 seconds.
  path: Assets/StarSparrow/Readme/Readme Files/Icons/ReadMeStarSparrow_Icon.png
  artifactKey: Guid(6756ed7b80223ac4e8f026ce27541de4) Importer(815301076,1909f56bfc062723c751e8b465ee728b)
Start importing Assets/StarSparrow/Readme/Readme Files/Icons/ReadMeStarSparrow_Icon.png using Guid(6756ed7b80223ac4e8f026ce27541de4) Importer(815301076,1909f56bfc062723c751e8b465ee728b)  -> (artifact id: '5fae93d2494029a1c9ee70f95277f96f') in 0.020337 seconds 
========================================================================
Received Import Request.
  Time since last request: 0.000024 seconds.
  path: Assets/UI/phaserRed.png
  artifactKey: Guid(f9b72093b7efd3e469d0c5b166c7172a) Importer(815301076,1909f56bfc062723c751e8b465ee728b)
Start importing Assets/UI/phaserRed.png using Guid(f9b72093b7efd3e469d0c5b166c7172a) Importer(815301076,1909f56bfc062723c751e8b465ee728b)  -> (artifact id: 'c1d45939f0f7eba5d401750e65e16735') in 0.036314 seconds 
========================================================================
Received Import Request.
  Time since last request: 0.000028 seconds.
  path: Assets/Materials/ShipTargeting.png
  artifactKey: Guid(476b102499c1a9d42a78227bc14eff3a) Importer(815301076,1909f56bfc062723c751e8b465ee728b)
Start importing Assets/Materials/ShipTargeting.png using Guid(476b102499c1a9d42a78227bc14eff3a) Importer(815301076,1909f56bfc062723c751e8b465ee728b)  -> (artifact id: '73f9cc2c57b944102b1d1eeb779c9695') in 0.035366 seconds 
========================================================================
Received Import Request.
  Time since last request: 0.000028 seconds.
  path: Assets/StarSparrow/Textures/StarSparrow_Cyan.png
  artifactKey: Guid(3928818884a3a9c41a8d469459870822) Importer(815301076,1909f56bfc062723c751e8b465ee728b)
Start importing Assets/StarSparrow/Textures/StarSparrow_Cyan.png using Guid(3928818884a3a9c41a8d469459870822) Importer(815301076,1909f56bfc062723c751e8b465ee728b)  -> (artifact id: 'a70004dbfe3e8fc4df976a833b610d03') in 0.021964 seconds 
========================================================================
Received Import Request.
  Time since last request: 0.000024 seconds.
  path: Assets/UI/phaserMask.png
  artifactKey: Guid(a3f590f108b917f41aab0dc473f1e551) Importer(815301076,1909f56bfc062723c751e8b465ee728b)
Start importing Assets/UI/phaserMask.png using Guid(a3f590f108b917f41aab0dc473f1e551) Importer(815301076,1909f56bfc062723c751e8b465ee728b)  -> (artifact id: 'eb4f5c51ec4ebff154a01c9b69bd7d9b') in 0.015757 seconds 
========================================================================
Received Import Request.
  Time since last request: 0.000041 seconds.
  path: Assets/UI/shipBlastersRed.png
  artifactKey: Guid(702cb685822e56d409a16d458200e5b9) Importer(815301076,1909f56bfc062723c751e8b465ee728b)
Start importing Assets/UI/shipBlastersRed.png using Guid(702cb685822e56d409a16d458200e5b9) Importer(815301076,1909f56bfc062723c751e8b465ee728b)  -> (artifact id: '278ae0abf01f8b0169f7581a6fd2a48a') in 0.036673 seconds 
========================================================================
Received Import Request.
  Time since last request: 0.836546 seconds.
  path: Assets/StarSparrow/Textures/StarSparrow_Green.png
  artifactKey: Guid(834cc5d6ac8c31641a2235a9d4682f1b) Importer(815301076,1909f56bfc062723c751e8b465ee728b)
Start importing Assets/StarSparrow/Textures/StarSparrow_Green.png using Guid(834cc5d6ac8c31641a2235a9d4682f1b) Importer(815301076,1909f56bfc062723c751e8b465ee728b)  -> (artifact id: 'cf80f376ee0848c060135ba312a2408f') in 0.018403 seconds 
========================================================================
Received Import Request.
  Time since last request: 0.000023 seconds.
  path: Assets/StarSparrow/Textures/StarSparrow_Grey.png
  artifactKey: Guid(e80529d62d99b2a43a062d8434e9f4f7) Importer(815301076,1909f56bfc062723c751e8b465ee728b)
Start importing Assets/StarSparrow/Textures/StarSparrow_Grey.png using Guid(e80529d62d99b2a43a062d8434e9f4f7) Importer(815301076,1909f56bfc062723c751e8b465ee728b)  -> (artifact id: '2983f2cbc5326ce4a2f68fdb82e0b4fb') in 0.019315 seconds 
========================================================================
Received Import Request.
  Time since last request: 0.000019 seconds.
  path: Assets/StarSparrow/Textures/Masks/StarSparrow_Mask3.png
  artifactKey: Guid(bb3b71277204e0048925dd90850a68a1) Importer(815301076,1909f56bfc062723c751e8b465ee728b)
Start importing Assets/StarSparrow/Textures/Masks/StarSparrow_Mask3.png using Guid(bb3b71277204e0048925dd90850a68a1) Importer(815301076,1909f56bfc062723c751e8b465ee728b)  -> (artifact id: '164cc0a0a8d48b9223a3129ab8689653') in 0.019939 seconds 
========================================================================
Received Import Request.
  Time since last request: 0.042802 seconds.
  path: Assets/StarSparrow/Textures/StarSparrow_Normal.png
  artifactKey: Guid(c96423a02cfe8934286c58b144ca7a43) Importer(815301076,1909f56bfc062723c751e8b465ee728b)
Start importing Assets/StarSparrow/Textures/StarSparrow_Normal.png using Guid(c96423a02cfe8934286c58b144ca7a43) Importer(815301076,1909f56bfc062723c751e8b465ee728b)  -> (artifact id: '738c7de3a7396813f8413a0a01938ffb') in 0.029210 seconds 
========================================================================
Received Import Request.
  Time since last request: 0.000028 seconds.
  path: Assets/StarSparrow/Textures/StarSparrow_Purple.png
  artifactKey: Guid(d1d3cc1b67fbc2146a520fd04ce86e3c) Importer(815301076,1909f56bfc062723c751e8b465ee728b)
Start importing Assets/StarSparrow/Textures/StarSparrow_Purple.png using Guid(d1d3cc1b67fbc2146a520fd04ce86e3c) Importer(815301076,1909f56bfc062723c751e8b465ee728b)  -> (artifact id: '0c5f4caa5ff185c2781290e4ba8e3a3e') in 0.020638 seconds 
========================================================================
Received Import Request.
  Time since last request: 0.000036 seconds.
  path: Assets/StarSparrow/Textures/StarSparrow_White.png
  artifactKey: Guid(07e73c410e4389545a8cd3e12dee52b8) Importer(815301076,1909f56bfc062723c751e8b465ee728b)
Start importing Assets/StarSparrow/Textures/StarSparrow_White.png using Guid(07e73c410e4389545a8cd3e12dee52b8) Importer(815301076,1909f56bfc062723c751e8b465ee728b)  -> (artifact id: '9619702c3e1de209ee6e066bd48944ec') in 0.018361 seconds 
========================================================================
Received Import Request.
  Time since last request: 0.739341 seconds.
  path: Assets/StarSparrow/Textures/BonusContent/Planet/Tinniuq_MetallicSmoothness.png
  artifactKey: Guid(35c503943e9b94a49a5cf140d6154a75) Importer(815301076,1909f56bfc062723c751e8b465ee728b)
Start importing Assets/StarSparrow/Textures/BonusContent/Planet/Tinniuq_MetallicSmoothness.png using Guid(35c503943e9b94a49a5cf140d6154a75) Importer(815301076,1909f56bfc062723c751e8b465ee728b)  -> (artifact id: 'ee620d0967ea9bd48c98e2ce743c3fef') in 0.017523 seconds 
========================================================================
Received Import Request.
  Time since last request: 0.000021 seconds.
  path: Assets/UI/TorpedoPhoton.png
  artifactKey: Guid(0ef4108fc3bead9428e56f8651118d5b) Importer(815301076,1909f56bfc062723c751e8b465ee728b)
Start importing Assets/UI/TorpedoPhoton.png using Guid(0ef4108fc3bead9428e56f8651118d5b) Importer(815301076,1909f56bfc062723c751e8b465ee728b)  -> (artifact id: 'dcb1bdcec954a3520b85e12c2a2b3406') in 0.037709 seconds 
========================================================================
Received Import Request.
  Time since last request: 0.000023 seconds.
  path: Assets/UI/torpedoCorrosive.png
  artifactKey: Guid(5a0ae3cff681f094b9e4d4736888090f) Importer(815301076,1909f56bfc062723c751e8b465ee728b)
Start importing Assets/UI/torpedoCorrosive.png using Guid(5a0ae3cff681f094b9e4d4736888090f) Importer(815301076,1909f56bfc062723c751e8b465ee728b)  -> (artifact id: '16e745a2be5807a7005349f6eb6cccfd') in 0.039244 seconds 
========================================================================
Received Import Request.
  Time since last request: 0.000031 seconds.
  path: Assets/GalaxyFire/Textures/up_galaxyfire.tif
  artifactKey: Guid(e5aaf30e569994d4ab3e49689e74b63f) Importer(815301076,1909f56bfc062723c751e8b465ee728b)
Start importing Assets/GalaxyFire/Textures/up_galaxyfire.tif using Guid(e5aaf30e569994d4ab3e49689e74b63f) Importer(815301076,1909f56bfc062723c751e8b465ee728b)  -> (artifact id: '5b46249fc3ec1c46eca74ae950e5eb5d') in 0.019716 seconds 
========================================================================
Received Import Request.
  Time since last request: 0.000025 seconds.
  path: Assets/StarSparrow/Textures/BonusContent/Planet/Tinniuq_Normal.png
  artifactKey: Guid(cbdbc14d991fe424c8ad8afda55c8e6c) Importer(815301076,1909f56bfc062723c751e8b465ee728b)
Start importing Assets/StarSparrow/Textures/BonusContent/Planet/Tinniuq_Normal.png using Guid(cbdbc14d991fe424c8ad8afda55c8e6c) Importer(815301076,1909f56bfc062723c751e8b465ee728b)  -> (artifact id: 'db62ad4446c026711c78110ec6fd2baf') in 0.020968 seconds 
========================================================================
Received Import Request.
  Time since last request: 344.959953 seconds.
  path: Assets/StarSparrow/Materials/BonusContent/Grey.mat
  artifactKey: Guid(6b0bf81b9bf769c4cb75da722d4530a0) Importer(815301076,1909f56bfc062723c751e8b465ee728b)
Start importing Assets/StarSparrow/Materials/BonusContent/Grey.mat using Guid(6b0bf81b9bf769c4cb75da722d4530a0) Importer(815301076,1909f56bfc062723c751e8b465ee728b)  -> (artifact id: 'ff6786f46970a2843a8036a0d792ae25') in 0.261067 seconds 
========================================================================
Received Import Request.
  Time since last request: 0.000029 seconds.
  path: Assets/StarSparrow/Materials/BonusContent/Missile.mat
  artifactKey: Guid(30d351457dfac9d40a8b07e6426fd177) Importer(815301076,1909f56bfc062723c751e8b465ee728b)
Start importing Assets/StarSparrow/Materials/BonusContent/Missile.mat using Guid(30d351457dfac9d40a8b07e6426fd177) Importer(815301076,1909f56bfc062723c751e8b465ee728b)  -> (artifact id: '6dae0210ae19182ae1be760b0f03c4cd') in 0.022152 seconds 
========================================================================
Received Import Request.
  Time since last request: 0.000036 seconds.
  path: Assets/StarSparrow/Materials/PhaserMat.mat
  artifactKey: Guid(15bc2eeb88f98e4428ecd75a90e9c504) Importer(815301076,1909f56bfc062723c751e8b465ee728b)
Start importing Assets/StarSparrow/Materials/PhaserMat.mat using Guid(15bc2eeb88f98e4428ecd75a90e9c504) Importer(815301076,1909f56bfc062723c751e8b465ee728b)  -> (artifact id: '094ad18157e848304df1fba55e3283ea') in 0.306569 seconds 
========================================================================
Received Import Request.
  Time since last request: 0.000031 seconds.
  path: Assets/Models/Shader Graphs_ShieldShader.mat
  artifactKey: Guid(212b79f5d5b070d4b851225332cafdc9) Importer(815301076,1909f56bfc062723c751e8b465ee728b)
Start importing Assets/Models/Shader Graphs_ShieldShader.mat using Guid(212b79f5d5b070d4b851225332cafdc9) Importer(815301076,1909f56bfc062723c751e8b465ee728b)  -> (artifact id: '1ea39af507890448ddd5e8beaaf38f52') in 0.020879 seconds 
========================================================================
Received Import Request.
  Time since last request: 0.000043 seconds.
  path: Assets/StarSparrow/Materials/Extra/StarSparrow_Black.mat
  artifactKey: Guid(020568ce6bb9b3245a24630d5282ca24) Importer(815301076,1909f56bfc062723c751e8b465ee728b)
Start importing Assets/StarSparrow/Materials/Extra/StarSparrow_Black.mat using Guid(020568ce6bb9b3245a24630d5282ca24) Importer(815301076,1909f56bfc062723c751e8b465ee728b)  -> (artifact id: '0d0dc9f6cc4b5e9d045a7d22603fda13') in 0.037920 seconds 
========================================================================
Received Import Request.
  Time since last request: 0.000028 seconds.
  path: Assets/StarSparrow/Materials/StarSparrow_Purple.mat
  artifactKey: Guid(d215bd3bb42e9764da6cb4f2e19fe1fc) Importer(815301076,1909f56bfc062723c751e8b465ee728b)
Start importing Assets/StarSparrow/Materials/StarSparrow_Purple.mat using Guid(d215bd3bb42e9764da6cb4f2e19fe1fc) Importer(815301076,1909f56bfc062723c751e8b465ee728b)  -> (artifact id: '733e8bc45d24040d86fa7eca2c732f7b') in 0.033344 seconds 
========================================================================
Received Import Request.
  Time since last request: 0.000030 seconds.
  path: Assets/StarSparrow/Materials/StarSparrow_White.mat
  artifactKey: Guid(2bd34ca215750fc48902c734d2d5d80f) Importer(815301076,1909f56bfc062723c751e8b465ee728b)
Start importing Assets/StarSparrow/Materials/StarSparrow_White.mat using Guid(2bd34ca215750fc48902c734d2d5d80f) Importer(815301076,1909f56bfc062723c751e8b465ee728b)  -> (artifact id: 'd9e18ac5afb9dbd161a2b1f8bdbc0353') in 0.022757 seconds 
========================================================================
Received Import Request.
  Time since last request: 0.000036 seconds.
  path: Assets/StarSparrow/Materials/StarSparrow_Red.mat
  artifactKey: Guid(14cc321f15ae44a4d8ead98d7550ee77) Importer(815301076,1909f56bfc062723c751e8b465ee728b)
Start importing Assets/StarSparrow/Materials/StarSparrow_Red.mat using Guid(14cc321f15ae44a4d8ead98d7550ee77) Importer(815301076,1909f56bfc062723c751e8b465ee728b)  -> (artifact id: '9488a611e6a06091d2337b8c5697a682') in 0.025893 seconds 
========================================================================
Received Import Request.
  Time since last request: 1.820691 seconds.
  path: Assets/StarSparrow/Materials/BonusContent/AsteroidsLava_Red.mat
  artifactKey: Guid(816eca2bca813da4883bad3b376c4dbc) Importer(815301076,1909f56bfc062723c751e8b465ee728b)
Start importing Assets/StarSparrow/Materials/BonusContent/AsteroidsLava_Red.mat using Guid(816eca2bca813da4883bad3b376c4dbc) Importer(815301076,1909f56bfc062723c751e8b465ee728b)  -> (artifact id: 'e80f18b9e68ea6c7108229bd045e7606') in 0.013085 seconds 
========================================================================
Received Import Request.
  Time since last request: 0.000026 seconds.
  path: Assets/StarSparrow/Materials/Beam.mat
  artifactKey: Guid(6467c6042a5d81b45ae64de61aa26575) Importer(815301076,1909f56bfc062723c751e8b465ee728b)
Start importing Assets/StarSparrow/Materials/Beam.mat using Guid(6467c6042a5d81b45ae64de61aa26575) Importer(815301076,1909f56bfc062723c751e8b465ee728b)  -> (artifact id: '6575d747f201492a5f107f312d6cc8d4') in 0.021488 seconds 
========================================================================
Received Import Request.
  Time since last request: 0.000031 seconds.
  path: Assets/StarSparrow/Materials/BonusContent/CloudsRed.mat
  artifactKey: Guid(191ced9846689714398ed909c5e9284a) Importer(815301076,1909f56bfc062723c751e8b465ee728b)
Start importing Assets/StarSparrow/Materials/BonusContent/CloudsRed.mat using Guid(191ced9846689714398ed909c5e9284a) Importer(815301076,1909f56bfc062723c751e8b465ee728b)  -> (artifact id: '933684aad5501c96883f2edb8c065081') in 0.020614 seconds 
========================================================================
Received Import Request.
  Time since last request: 641.856559 seconds.
  path: Assets/Materials/New Material.mat
  artifactKey: Guid(8f83ab70d9392114aba52c24a490d837) Importer(815301076,1909f56bfc062723c751e8b465ee728b)
Start importing Assets/Materials/New Material.mat using Guid(8f83ab70d9392114aba52c24a490d837) Importer(815301076,1909f56bfc062723c751e8b465ee728b)  -> (artifact id: '10e328bddbf622d1a675605b0bb60039') in 0.019492 seconds 
========================================================================
Received Import Request.
  Time since last request: 474.236659 seconds.
  path: Assets/Models/ShieldTexture.png
  artifactKey: Guid(63bf7b90d9a66274c8f3354ff123a147) Importer(815301076,1909f56bfc062723c751e8b465ee728b)
Start importing Assets/Models/ShieldTexture.png using Guid(63bf7b90d9a66274c8f3354ff123a147) Importer(815301076,1909f56bfc062723c751e8b465ee728b)  -> (artifact id: '114d8880f8bf3a3e868ab382acb2775a') in 0.227814 seconds 
========================================================================
Received Import Request.
  Time since last request: 155.354107 seconds.
  path: Assets/Models/Shader Graphs_ShieldShader.mat
  artifactKey: Guid(212b79f5d5b070d4b851225332cafdc9) Importer(815301076,1909f56bfc062723c751e8b465ee728b)
Start importing Assets/Models/Shader Graphs_ShieldShader.mat using Guid(212b79f5d5b070d4b851225332cafdc9) Importer(815301076,1909f56bfc062723c751e8b465ee728b)  -> (artifact id: 'fc9bb97e8a57b5706755a08f4ceb70e9') in 0.015112 seconds 
========================================================================
Received Import Request.
  Time since last request: 298.895306 seconds.
  path: Assets/Models/ShieldTexture.png
  artifactKey: Guid(63bf7b90d9a66274c8f3354ff123a147) Importer(815301076,1909f56bfc062723c751e8b465ee728b)
Start importing Assets/Models/ShieldTexture.png using Guid(63bf7b90d9a66274c8f3354ff123a147) Importer(815301076,1909f56bfc062723c751e8b465ee728b)  -> (artifact id: '2272c90b003fa085ddca64e7ee47f079') in 0.196838 seconds 
========================================================================
Received Import Request.
  Time since last request: 37.635840 seconds.
  path: Assets/Models/ShieldTexture.png
  artifactKey: Guid(63bf7b90d9a66274c8f3354ff123a147) Importer(815301076,1909f56bfc062723c751e8b465ee728b)
Start importing Assets/Models/ShieldTexture.png using Guid(63bf7b90d9a66274c8f3354ff123a147) Importer(815301076,1909f56bfc062723c751e8b465ee728b)  -> (artifact id: '4c79d8b052d8e2e1a776a52211943b36') in 0.186541 seconds 
========================================================================
Received Import Request.
  Time since last request: 583.939051 seconds.
  path: Assets/Models/Icosphere.kra
  artifactKey: Guid(fd2a7e822ef34504ea724daecf849f68) Importer(815301076,1909f56bfc062723c751e8b465ee728b)
Start importing Assets/Models/Icosphere.kra using Guid(fd2a7e822ef34504ea724daecf849f68) Importer(815301076,1909f56bfc062723c751e8b465ee728b)  -> (artifact id: '2468f3bc82c582f2c1853da004c208eb') in 0.016008 seconds 
========================================================================
Received Import Request.
  Time since last request: 1.729092 seconds.
  path: Assets/Models/shieldWorking.blend1
  artifactKey: Guid(e5a5bdd7dcaeb1c44ab96660465625fe) Importer(815301076,1909f56bfc062723c751e8b465ee728b)
Start importing Assets/Models/shieldWorking.blend1 using Guid(e5a5bdd7dcaeb1c44ab96660465625fe) Importer(815301076,1909f56bfc062723c751e8b465ee728b)  -> (artifact id: '57b6707626700f5b61355075c91f09a0') in 0.004538 seconds 
========================================================================
Received Import Request.
  Time since last request: 1.007656 seconds.
  path: Assets/Models
  artifactKey: Guid(40edd8fb31fa10c4cbea57f4c4866ab8) Importer(815301076,1909f56bfc062723c751e8b465ee728b)
Start importing Assets/Models using Guid(40edd8fb31fa10c4cbea57f4c4866ab8) Importer(815301076,1909f56bfc062723c751e8b465ee728b)  -> (artifact id: '2c433c8bcd3c9d607c0948064c98911f') in 0.007941 seconds 
========================================================================
Received Import Request.
  Time since last request: 7.293448 seconds.
  path: Assets/Models/Shield
  artifactKey: Guid(81cc923657518434fa8b5eb6dabfc5f5) Importer(815301076,1909f56bfc062723c751e8b465ee728b)
Start importing Assets/Models/Shield using Guid(81cc923657518434fa8b5eb6dabfc5f5) Importer(815301076,1909f56bfc062723c751e8b465ee728b)  -> (artifact id: '877a58a7f76ad71541aa857e4730f7b7') in 0.007210 seconds 
========================================================================
Received Prepare
Registering precompiled user dll's ...
Registered in 0.015750 seconds.
Begin MonoManager ReloadAssembly
Symbol file LoadedFromMemory doesn't match image C:\Users\brian\Documents\Unity Projects\FleetCommand\Library\PackageCache\com.unity.visualscripting@1.7.2\Editor\VisualScripting.Core\Dependencies\YamlDotNet\Unity.VisualScripting.YamlDotNet.dll
Symbol file LoadedFromMemory doesn't match image C:\Users\brian\Documents\Unity Projects\FleetCommand\Library\PackageCache\com.unity.visualscripting@1.7.2\Editor\VisualScripting.Core\Dependencies\DotNetZip\Unity.VisualScripting.IonicZip.dll
Native extension for WindowsStandalone target not found
Refreshing native plugins compatible for Editor in 125.26 ms, found 3 plugins.
Preloading 0 native plugins for Editor in 0.00 ms.
Mono: successfully reloaded assembly
- Completed reload, in  3.083 seconds
Domain Reload Profiling:
	ReloadAssembly (3084ms)
		BeginReloadAssembly (205ms)
			ExecutionOrderSort (0ms)
			DisableScriptedObjects (15ms)
			BackupInstance (0ms)
			ReleaseScriptingObjects (0ms)
			CreateAndSetChildDomain (66ms)
		EndReloadAssembly (2762ms)
			LoadAssemblies (115ms)
			RebuildTransferFunctionScriptingTraits (0ms)
			SetupTypeCache (359ms)
			ReleaseScriptCaches (2ms)
			RebuildScriptCaches (63ms)
			SetupLoadedEditorAssemblies (1979ms)
				LogAssemblyErrors (0ms)
				InitializePlatformSupportModulesInManaged (14ms)
				SetLoadedEditorAssemblies (0ms)
				RefreshPlugins (125ms)
				BeforeProcessingInitializeOnLoad (106ms)
				ProcessInitializeOnLoadAttributes (1643ms)
				ProcessInitializeOnLoadMethodAttributes (77ms)
				AfterProcessingInitializeOnLoad (14ms)
				EditorAssembliesLoaded (0ms)
			ExecutionOrderSort2 (0ms)
			AwakeInstancesAfterBackupRestoration (30ms)
Platform modules already initialized, skipping
Refreshing native plugins compatible for Editor in 1.22 ms, found 3 plugins.
Preloading 0 native plugins for Editor in 0.00 ms.
Unloading 5410 Unused Serialized files (Serialized files now loaded: 0)
Unloading 61 unused Assets / (2.1 MB). Loaded Objects now: 6632.
Memory consumption went from 351.8 MB to 349.6 MB.
Total: 29.941300 ms (FindLiveObjects: 0.654200 ms CreateObjectMapping: 0.195500 ms MarkObjects: 27.983900 ms  DeleteObjects: 1.105500 ms)

AssetImportParameters requested are different than current active one (requested -> active):
  custom:video-decoder-ogg-theora: a1e56fd34408186e4bbccfd4996cb3dc -> 
  custom:container-muxer-webm: aa71ff27fc2769a1b78a27578f13a17b -> 
  custom:container-demuxer-webm: 4f35f7cbe854078d1ac9338744f61a02 -> 
  custom:video-encoder-webm-vp8: eb34c28f22e8b96e1ab97ce403110664 -> 
  custom:audio-encoder-webm-vorbis: bf7c407c2cedff20999df2af8eb42d56 -> 
  custom:framework-win-MediaFoundation: 216162199b28c13a410421893ffa2e32 -> 
  custom:container-demuxer-ogg: 62fdf1f143b41e24485cea50d1cbac27 -> 
  custom:video-decoder-webm-vp8: 9c59270c3fd7afecdb556c50c9e8de78 -> 
  custom:audio-decoder-ogg-vorbis: bf7c407c2cedff20999df2af8eb42d56 -> 
========================================================================
Received Import Request.
  Time since last request: 133.343418 seconds.
  path: Assets/Models/Shield/New VFX.vfx
  artifactKey: Guid(53660e98eed558648a0a706842610bc8) Importer(815301076,1909f56bfc062723c751e8b465ee728b)
Start importing Assets/Models/Shield/New VFX.vfx using Guid(53660e98eed558648a0a706842610bc8) Importer(815301076,1909f56bfc062723c751e8b465ee728b)  -> (artifact id: 'a46ab23648a0df0bc18ff68e0a710b83') in 0.225910 seconds 
========================================================================
Received Import Request.
  Time since last request: 9.816477 seconds.
  path: Assets/Models/Shield/vfx_Shield.vfx
  artifactKey: Guid(53660e98eed558648a0a706842610bc8) Importer(815301076,1909f56bfc062723c751e8b465ee728b)
Start importing Assets/Models/Shield/vfx_Shield.vfx using Guid(53660e98eed558648a0a706842610bc8) Importer(815301076,1909f56bfc062723c751e8b465ee728b)  -> (artifact id: 'd97f7a1991fe3df572c2baf13f5a451b') in 0.016490 seconds 
========================================================================
Received Import Request.
  Time since last request: 72.519593 seconds.
  path: Assets/Models/Shield/vfx_Shield.vfx
  artifactKey: Guid(53660e98eed558648a0a706842610bc8) Importer(815301076,1909f56bfc062723c751e8b465ee728b)
Start importing Assets/Models/Shield/vfx_Shield.vfx using Guid(53660e98eed558648a0a706842610bc8) Importer(815301076,1909f56bfc062723c751e8b465ee728b)  -> (artifact id: '8910fe027a2d9ea1e9116feefe71781d') in 0.012225 seconds 
========================================================================
Received Import Request.
  Time since last request: 52.578811 seconds.
  path: Assets/Models/Shield/vfx_Shield.vfx
  artifactKey: Guid(53660e98eed558648a0a706842610bc8) Importer(815301076,1909f56bfc062723c751e8b465ee728b)
Start importing Assets/Models/Shield/vfx_Shield.vfx using Guid(53660e98eed558648a0a706842610bc8) Importer(815301076,1909f56bfc062723c751e8b465ee728b)  -> (artifact id: 'c49b49515a2644a87b080e77b07d1e7d') in 0.003071 seconds 
========================================================================
Received Import Request.
  Time since last request: 9.702980 seconds.
  path: Assets/Models/Shield/vfx_Shield.vfx
  artifactKey: Guid(53660e98eed558648a0a706842610bc8) Importer(815301076,1909f56bfc062723c751e8b465ee728b)
Start importing Assets/Models/Shield/vfx_Shield.vfx using Guid(53660e98eed558648a0a706842610bc8) Importer(815301076,1909f56bfc062723c751e8b465ee728b)  -> (artifact id: 'a3f7683f5c70081a4d541797592e715e') in 0.012458 seconds 
========================================================================
Received Import Request.
  Time since last request: 99.555574 seconds.
  path: Assets/Models/Shield/ShieldShader.shadergraph
  artifactKey: Guid(43717956197b80a44b9aed9a66311a8b) Importer(815301076,1909f56bfc062723c751e8b465ee728b)
Start importing Assets/Models/Shield/ShieldShader.shadergraph using Guid(43717956197b80a44b9aed9a66311a8b) Importer(815301076,1909f56bfc062723c751e8b465ee728b)  -> (artifact id: '82716744c7a1249df8cb32ce4b8199f3') in 0.013612 seconds 
========================================================================
Received Import Request.
  Time since last request: 307.485049 seconds.
  path: Assets/Models/Shield/vfx_Shield.vfx
  artifactKey: Guid(53660e98eed558648a0a706842610bc8) Importer(815301076,1909f56bfc062723c751e8b465ee728b)
Start importing Assets/Models/Shield/vfx_Shield.vfx using Guid(53660e98eed558648a0a706842610bc8) Importer(815301076,1909f56bfc062723c751e8b465ee728b)  -> (artifact id: '5ba38faf5e5e997457fa52ea3c859ef1') in 0.013659 seconds 
========================================================================
Received Import Request.
  Time since last request: 38.432852 seconds.
  path: Assets/Models/Shield/vfx_Shield.vfx
  artifactKey: Guid(53660e98eed558648a0a706842610bc8) Importer(815301076,1909f56bfc062723c751e8b465ee728b)
Start importing Assets/Models/Shield/vfx_Shield.vfx using Guid(53660e98eed558648a0a706842610bc8) Importer(815301076,1909f56bfc062723c751e8b465ee728b)  -> (artifact id: '6a0c96c3f64241a101fb3ab6c3e52511') in 0.012190 seconds 
========================================================================
Received Import Request.
  Time since last request: 384.169901 seconds.
  path: Packages/com.unity.timeline/Editor/StyleSheets/Images/Icons/d_TrackMuteButtonEnabled@2x.png
  artifactKey: Guid(e54e20c7a9730fe4c822d63228527ae4) Importer(815301076,1909f56bfc062723c751e8b465ee728b)
Start importing Packages/com.unity.timeline/Editor/StyleSheets/Images/Icons/d_TrackMuteButtonEnabled@2x.png using Guid(e54e20c7a9730fe4c822d63228527ae4) Importer(815301076,1909f56bfc062723c751e8b465ee728b)  -> (artifact id: '749c837582e5675625bcfcd41f0f892d') in 0.025446 seconds 
========================================================================
Received Import Request.
  Time since last request: 0.000039 seconds.
  path: Packages/com.unity.visualscripting/Editor/VisualScripting.Core/EditorAssetResources/DistributeHorizontalGaps_Pro@64x.png
  artifactKey: Guid(819d023d3ef4041389d33f8e43628310) Importer(815301076,1909f56bfc062723c751e8b465ee728b)
Start importing Packages/com.unity.visualscripting/Editor/VisualScripting.Core/EditorAssetResources/DistributeHorizontalGaps_Pro@64x.png using Guid(819d023d3ef4041389d33f8e43628310) Importer(815301076,1909f56bfc062723c751e8b465ee728b)  -> (artifact id: 'e9bacf78b1e3144a28b1af9e960314a6') in 0.015439 seconds 
========================================================================
Received Import Request.
  Time since last request: 0.000034 seconds.
  path: Packages/com.unity.collab-proxy/Editor/Collaborate/Assets/Icons/diff-dark@2x.png
  artifactKey: Guid(1875b6a8fb148514ab1d9494eae2dd9e) Importer(815301076,1909f56bfc062723c751e8b465ee728b)
Start importing Packages/com.unity.collab-proxy/Editor/Collaborate/Assets/Icons/diff-dark@2x.png using Guid(1875b6a8fb148514ab1d9494eae2dd9e) Importer(815301076,1909f56bfc062723c751e8b465ee728b)  -> (artifact id: '7a1e456986bda3501a3718d60d855696') in 0.016788 seconds 
========================================================================
Received Import Request.
  Time since last request: 0.000032 seconds.
  path: Packages/com.unity.visualscripting/Editor/VisualScripting.Core/EditorAssetResources/decimal@32x.png
  artifactKey: Guid(2282251eff68b41c8ab262358486e8f2) Importer(815301076,1909f56bfc062723c751e8b465ee728b)
Start importing Packages/com.unity.visualscripting/Editor/VisualScripting.Core/EditorAssetResources/decimal@32x.png using Guid(2282251eff68b41c8ab262358486e8f2) Importer(815301076,1909f56bfc062723c751e8b465ee728b)  -> (artifact id: '6bdd47b532b836d4cd8a38d39f7e81a4') in 0.016882 seconds 
========================================================================
Received Import Request.
  Time since last request: 0.000036 seconds.
  path: Packages/com.unity.timeline/Editor/StyleSheets/Images/Icons/d_TrackRecordButtonDisabled@2x.png
  artifactKey: Guid(db15c78579dee4a4db85f392634c8ecc) Importer(815301076,1909f56bfc062723c751e8b465ee728b)
Start importing Packages/com.unity.timeline/Editor/StyleSheets/Images/Icons/d_TrackRecordButtonDisabled@2x.png using Guid(db15c78579dee4a4db85f392634c8ecc) Importer(815301076,1909f56bfc062723c751e8b465ee728b)  -> (artifact id: '10c4d84142286eeb1a4feaa77e1f6db9') in 0.019435 seconds 
========================================================================
Received Import Request.
  Time since last request: 0.000037 seconds.
  path: Packages/com.unity.visualscripting/Editor/VisualScripting.Core/EditorAssetResources/DistributeCenters@32x.png
  artifactKey: Guid(6e644a8778eb34c4fb6547893e8e3b34) Importer(815301076,1909f56bfc062723c751e8b465ee728b)
Start importing Packages/com.unity.visualscripting/Editor/VisualScripting.Core/EditorAssetResources/DistributeCenters@32x.png using Guid(6e644a8778eb34c4fb6547893e8e3b34) Importer(815301076,1909f56bfc062723c751e8b465ee728b)  -> (artifact id: '4c06e1e421183c4d3fef3cd60348f766') in 0.019029 seconds 
========================================================================
Received Import Request.
  Time since last request: 0.000025 seconds.
  path: Packages/com.unity.render-pipelines.universal/Editor/Decal/Resources/DecalGizmo.png
  artifactKey: Guid(9ba98ca4f0fc0754caca09e38af0cc0a) Importer(815301076,1909f56bfc062723c751e8b465ee728b)
Start importing Packages/com.unity.render-pipelines.universal/Editor/Decal/Resources/DecalGizmo.png using Guid(9ba98ca4f0fc0754caca09e38af0cc0a) Importer(815301076,1909f56bfc062723c751e8b465ee728b)  -> (artifact id: 'cfdb46e2bac12c228e45bc3b620aafef') in 0.020375 seconds 
========================================================================
Received Import Request.
  Time since last request: 0.000027 seconds.
  path: Packages/com.unity.render-pipelines.core/Editor/Lighting/Icons/LightUnitIcons/d_VeryBrightSun.png
  artifactKey: Guid(083778a134a402a4f82b55a98ac21530) Importer(815301076,1909f56bfc062723c751e8b465ee728b)
Start importing Packages/com.unity.render-pipelines.core/Editor/Lighting/Icons/LightUnitIcons/d_VeryBrightSun.png using Guid(083778a134a402a4f82b55a98ac21530) Importer(815301076,1909f56bfc062723c751e8b465ee728b)  -> (artifact id: '6f231c6ad2054fe7c948e21438f9a484') in 0.017093 seconds 
========================================================================
Received Import Request.
  Time since last request: 0.000025 seconds.
  path: Packages/com.unity.collab-proxy/Editor/Collaborate/Assets/Icons/deleted-file-dark@2x.png
  artifactKey: Guid(a7d900a247e707e45a257328c3ee381e) Importer(815301076,1909f56bfc062723c751e8b465ee728b)
Start importing Packages/com.unity.collab-proxy/Editor/Collaborate/Assets/Icons/deleted-file-dark@2x.png using Guid(a7d900a247e707e45a257328c3ee381e) Importer(815301076,1909f56bfc062723c751e8b465ee728b)  -> (artifact id: '3b389106533539a8424ebc5d3c5a4c5d') in 0.018809 seconds 
========================================================================
Received Import Request.
  Time since last request: 0.000024 seconds.
  path: Packages/com.unity.collab-proxy/Editor/Collaborate/Assets/Icons/deleted-file-dark.png
  artifactKey: Guid(ce3ca6a541b5fbc4c80edb5195d78731) Importer(815301076,1909f56bfc062723c751e8b465ee728b)
Start importing Packages/com.unity.collab-proxy/Editor/Collaborate/Assets/Icons/deleted-file-dark.png using Guid(ce3ca6a541b5fbc4c80edb5195d78731) Importer(815301076,1909f56bfc062723c751e8b465ee728b)  -> (artifact id: '2e537b7647f882b33ba4a9e8b9543366') in 0.019296 seconds 
========================================================================
Received Import Request.
  Time since last request: 0.000029 seconds.
  path: Packages/com.unity.render-pipelines.core/Editor/Lighting/Icons/LightUnitIcons/DecorativeLight@2x.png
  artifactKey: Guid(ac6bd7230f54da84b8ad3a0e2b14b3d9) Importer(815301076,1909f56bfc062723c751e8b465ee728b)
Start importing Packages/com.unity.render-pipelines.core/Editor/Lighting/Icons/LightUnitIcons/DecorativeLight@2x.png using Guid(ac6bd7230f54da84b8ad3a0e2b14b3d9) Importer(815301076,1909f56bfc062723c751e8b465ee728b)  -> (artifact id: 'c0b83765a9dce2c6f0d82c01ce32e6c1') in 0.016153 seconds 
========================================================================
Received Import Request.
  Time since last request: 0.000038 seconds.
  path: Packages/com.unity.collab-proxy/Editor/Collaborate/Assets/Icons/deleted-file-light@2x.png
  artifactKey: Guid(f1c735dde115d4f4c9ff5c633f07fbb8) Importer(815301076,1909f56bfc062723c751e8b465ee728b)
Start importing Packages/com.unity.collab-proxy/Editor/Collaborate/Assets/Icons/deleted-file-light@2x.png using Guid(f1c735dde115d4f4c9ff5c633f07fbb8) Importer(815301076,1909f56bfc062723c751e8b465ee728b)  -> (artifact id: 'e7b3e1b3ebad6c5b4cff855904751139') in 0.018270 seconds 
========================================================================
Received Import Request.
  Time since last request: 0.000031 seconds.
  path: Packages/com.unity.visualscripting/Editor/VisualScripting.Core/EditorAssetResources/Dictionaries@16x.png
  artifactKey: Guid(d3843070c2e994da0bf1c74ee9003310) Importer(815301076,1909f56bfc062723c751e8b465ee728b)
Start importing Packages/com.unity.visualscripting/Editor/VisualScripting.Core/EditorAssetResources/Dictionaries@16x.png using Guid(d3843070c2e994da0bf1c74ee9003310) Importer(815301076,1909f56bfc062723c751e8b465ee728b)  -> (artifact id: '1189dafe9eac49fcff20d689a3208968') in 0.018298 seconds 
========================================================================
Received Import Request.
  Time since last request: 0.000035 seconds.
  path: Packages/com.unity.visualscripting/Editor/VisualScripting.Core/EditorAssetResources/DistributeHorizontalGaps@64x.png
  artifactKey: Guid(0ae2c787e332546bc913591964d4b7ee) Importer(815301076,1909f56bfc062723c751e8b465ee728b)
Start importing Packages/com.unity.visualscripting/Editor/VisualScripting.Core/EditorAssetResources/DistributeHorizontalGaps@64x.png using Guid(0ae2c787e332546bc913591964d4b7ee) Importer(815301076,1909f56bfc062723c751e8b465ee728b)  -> (artifact id: '8003b2e50ce4b7b85db4e21d38ddde73') in 0.020807 seconds 
========================================================================
Received Import Request.
  Time since last request: 0.000047 seconds.
  path: Packages/com.unity.visualscripting/Editor/VisualScripting.Core/EditorAssetResources/DistributeBottomEdges@16x.png
  artifactKey: Guid(a802daefedf0c4773b292cbe2df7c355) Importer(815301076,1909f56bfc062723c751e8b465ee728b)
Start importing Packages/com.unity.visualscripting/Editor/VisualScripting.Core/EditorAssetResources/DistributeBottomEdges@16x.png using Guid(a802daefedf0c4773b292cbe2df7c355) Importer(815301076,1909f56bfc062723c751e8b465ee728b)  -> (artifact id: '501943a11c49916d00616e866d4de92e') in 0.018794 seconds 
========================================================================
Received Import Request.
  Time since last request: 0.000030 seconds.
  path: Packages/com.unity.render-pipelines.core/Editor/Lighting/Icons/LightUnitIcons/DirectSunlight.png
  artifactKey: Guid(863ef838c25e51b4790fd6ac881ba895) Importer(815301076,1909f56bfc062723c751e8b465ee728b)
Start importing Packages/com.unity.render-pipelines.core/Editor/Lighting/Icons/LightUnitIcons/DirectSunlight.png using Guid(863ef838c25e51b4790fd6ac881ba895) Importer(815301076,1909f56bfc062723c751e8b465ee728b)  -> (artifact id: 'ef8f3682578359d59a7d56225899fa16') in 0.017044 seconds 
========================================================================
Received Import Request.
  Time since last request: 0.000026 seconds.
  path: Packages/com.unity.visualscripting/Editor/VisualScripting.Core/EditorAssetResources/DistributeHorizontalGaps_Pro@32x.png
  artifactKey: Guid(49a25a092656a4eb699322ff1bdee216) Importer(815301076,1909f56bfc062723c751e8b465ee728b)
Start importing Packages/com.unity.visualscripting/Editor/VisualScripting.Core/EditorAssetResources/DistributeHorizontalGaps_Pro@32x.png using Guid(49a25a092656a4eb699322ff1bdee216) Importer(815301076,1909f56bfc062723c751e8b465ee728b)  -> (artifact id: '2ec821cea142f0e8617ff2c5af74040f') in 0.017705 seconds 
========================================================================
Received Import Request.
  Time since last request: 0.000035 seconds.
  path: Packages/com.unity.visualscripting/Editor/VisualScripting.Core/EditorAssetResources/DistributeCenters@16x.png
  artifactKey: Guid(f79e4de3e6ec54e19945e6a5be752868) Importer(815301076,1909f56bfc062723c751e8b465ee728b)
Start importing Packages/com.unity.visualscripting/Editor/VisualScripting.Core/EditorAssetResources/DistributeCenters@16x.png using Guid(f79e4de3e6ec54e19945e6a5be752868) Importer(815301076,1909f56bfc062723c751e8b465ee728b)  -> (artifact id: 'e39ff3a27d72922e1d466b492c6a01d8') in 0.018073 seconds 
========================================================================
Received Import Request.
  Time since last request: 0.000044 seconds.
  path: Packages/com.unity.collab-proxy/Editor/Collaborate/Assets/Icons/diff-light.png
  artifactKey: Guid(f4d24f788ff8ef0448d273529dc5d9a0) Importer(815301076,1909f56bfc062723c751e8b465ee728b)
Start importing Packages/com.unity.collab-proxy/Editor/Collaborate/Assets/Icons/diff-light.png using Guid(f4d24f788ff8ef0448d273529dc5d9a0) Importer(815301076,1909f56bfc062723c751e8b465ee728b)  -> (artifact id: 'fc8e9637b685c86db10e103bf7a138aa') in 0.017568 seconds 
========================================================================
Received Import Request.
  Time since last request: 0.000032 seconds.
  path: Packages/com.unity.render-pipelines.core/Editor/Lighting/Icons/LightUnitIcons/DecorativeLight.png
  artifactKey: Guid(1e2ae1a12a2a1ff498cab6444b9cd394) Importer(815301076,1909f56bfc062723c751e8b465ee728b)
Start importing Packages/com.unity.render-pipelines.core/Editor/Lighting/Icons/LightUnitIcons/DecorativeLight.png using Guid(1e2ae1a12a2a1ff498cab6444b9cd394) Importer(815301076,1909f56bfc062723c751e8b465ee728b)  -> (artifact id: '15171950d1f0dd15f1e3e5dff112fbda') in 0.021867 seconds 
========================================================================
Received Import Request.
  Time since last request: 0.000029 seconds.
  path: Packages/com.unity.render-pipelines.core/Editor/Lighting/Icons/LightUnitIcons/d_VeryBrightSun@2x.png
  artifactKey: Guid(e4e685bec200b3c45a29e88e2eeb8ddb) Importer(815301076,1909f56bfc062723c751e8b465ee728b)
Start importing Packages/com.unity.render-pipelines.core/Editor/Lighting/Icons/LightUnitIcons/d_VeryBrightSun@2x.png using Guid(e4e685bec200b3c45a29e88e2eeb8ddb) Importer(815301076,1909f56bfc062723c751e8b465ee728b)  -> (artifact id: '6a181a23375708d630f21d9f0561a69e') in 0.018214 seconds 
========================================================================
Received Import Request.
  Time since last request: 0.000039 seconds.
  path: Packages/com.unity.visualscripting/Editor/VisualScripting.Core/EditorAssetResources/DistributeHorizontalGaps@32x.png
  artifactKey: Guid(5d7d46af3d8a74bbc9b141f554627020) Importer(815301076,1909f56bfc062723c751e8b465ee728b)
Start importing Packages/com.unity.visualscripting/Editor/VisualScripting.Core/EditorAssetResources/DistributeHorizontalGaps@32x.png using Guid(5d7d46af3d8a74bbc9b141f554627020) Importer(815301076,1909f56bfc062723c751e8b465ee728b)  -> (artifact id: '63e528daf5405c45ed860a5218b3524a') in 0.021160 seconds 
========================================================================
Received Import Request.
  Time since last request: 0.442392 seconds.
  path: Packages/com.unity.timeline/Editor/StyleSheets/Images/Icons/d_TrackMarkerButtonDisabled.png
  artifactKey: Guid(b3644a971cca0bd4eb357cb9aca4dde1) Importer(815301076,1909f56bfc062723c751e8b465ee728b)
Start importing Packages/com.unity.timeline/Editor/StyleSheets/Images/Icons/d_TrackMarkerButtonDisabled.png using Guid(b3644a971cca0bd4eb357cb9aca4dde1) Importer(815301076,1909f56bfc062723c751e8b465ee728b)  -> (artifact id: '0af75e784c1686898d7ab417070f0118') in 0.016308 seconds 
========================================================================
Received Import Request.
  Time since last request: 0.000027 seconds.
  path: Packages/com.unity.timeline/Editor/StyleSheets/Images/Icons/d_TrackMuteButtonDisabled.png
  artifactKey: Guid(6ab002208ec290544b44bc263dc58a95) Importer(815301076,1909f56bfc062723c751e8b465ee728b)
Start importing Packages/com.unity.timeline/Editor/StyleSheets/Images/Icons/d_TrackMuteButtonDisabled.png using Guid(6ab002208ec290544b44bc263dc58a95) Importer(815301076,1909f56bfc062723c751e8b465ee728b)  -> (artifact id: '935f6c1fd6377227199822bfe2b8848e') in 0.015919 seconds 
========================================================================
Received Import Request.
  Time since last request: 0.000039 seconds.
  path: Packages/com.unity.timeline/Editor/StyleSheets/Images/Icons/d_TrackMarkerButtonEnabled.png
  artifactKey: Guid(d18286874382ef042bbbdab5f71329c1) Importer(815301076,1909f56bfc062723c751e8b465ee728b)
Start importing Packages/com.unity.timeline/Editor/StyleSheets/Images/Icons/d_TrackMarkerButtonEnabled.png using Guid(d18286874382ef042bbbdab5f71329c1) Importer(815301076,1909f56bfc062723c751e8b465ee728b)  -> (artifact id: 'e2fc70cc443a0d2dd7a5eb7ce00fa99c') in 0.017259 seconds 
========================================================================
Received Import Request.
  Time since last request: 0.328209 seconds.
  path: Packages/com.unity.timeline/Editor/StyleSheets/Images/Icons/d_TrackCurvesButtonDisabled@2x.png
  artifactKey: Guid(1f3ea4caa6e0ec74388e4d7d16690e68) Importer(815301076,1909f56bfc062723c751e8b465ee728b)
Start importing Packages/com.unity.timeline/Editor/StyleSheets/Images/Icons/d_TrackCurvesButtonDisabled@2x.png using Guid(1f3ea4caa6e0ec74388e4d7d16690e68) Importer(815301076,1909f56bfc062723c751e8b465ee728b)  -> (artifact id: 'b7b01fb47296fce7730864c56fcdc6a3') in 0.017196 seconds 
========================================================================
Received Import Request.
  Time since last request: 0.000025 seconds.
  path: Packages/com.unity.timeline/Editor/StyleSheets/Images/Icons/d_TrackLockButtonEnabled@2x.png
  artifactKey: Guid(2c85066ea99cfbe4f90294bf295ce543) Importer(815301076,1909f56bfc062723c751e8b465ee728b)
Start importing Packages/com.unity.timeline/Editor/StyleSheets/Images/Icons/d_TrackLockButtonEnabled@2x.png using Guid(2c85066ea99cfbe4f90294bf295ce543) Importer(815301076,1909f56bfc062723c751e8b465ee728b)  -> (artifact id: 'b0a993e725494d3915e99e6877302dc1') in 0.018610 seconds 
========================================================================
Received Import Request.
  Time since last request: 0.000026 seconds.
  path: Packages/com.unity.timeline/Editor/StyleSheets/Images/Icons/d_TrackCurvesButtonEnabled@2x.png
  artifactKey: Guid(43ed4593c5ddda0439fcc1bdaf8309fe) Importer(815301076,1909f56bfc062723c751e8b465ee728b)
Start importing Packages/com.unity.timeline/Editor/StyleSheets/Images/Icons/d_TrackCurvesButtonEnabled@2x.png using Guid(43ed4593c5ddda0439fcc1bdaf8309fe) Importer(815301076,1909f56bfc062723c751e8b465ee728b)  -> (artifact id: 'a53bc4ea1c44858823802b79702e2e49') in 0.015740 seconds 
========================================================================
Received Import Request.
  Time since last request: 0.000030 seconds.
  path: Packages/com.unity.timeline/Editor/StyleSheets/Images/Icons/d_TrackLockButtonDisabled.png
  artifactKey: Guid(52ee3ba2abc3da14a95cdf64d32ae0ae) Importer(815301076,1909f56bfc062723c751e8b465ee728b)
Start importing Packages/com.unity.timeline/Editor/StyleSheets/Images/Icons/d_TrackLockButtonDisabled.png using Guid(52ee3ba2abc3da14a95cdf64d32ae0ae) Importer(815301076,1909f56bfc062723c751e8b465ee728b)  -> (artifact id: '78b8a0f0ed20c54399ecf2890d1a701a') in 0.015434 seconds 
========================================================================
Received Import Request.
  Time since last request: 0.003703 seconds.
  path: Packages/com.unity.timeline/Editor/StyleSheets/Images/Icons/d_TimelineSelector.png
  artifactKey: Guid(06bf6150656339941aa98e175a995445) Importer(815301076,1909f56bfc062723c751e8b465ee728b)
Start importing Packages/com.unity.timeline/Editor/StyleSheets/Images/Icons/d_TimelineSelector.png using Guid(06bf6150656339941aa98e175a995445) Importer(815301076,1909f56bfc062723c751e8b465ee728b)  -> (artifact id: '999098033a8c4e6a1b7cfe09ce7692ed') in 0.017775 seconds 
========================================================================
Received Import Request.
  Time since last request: 0.000025 seconds.
  path: Packages/com.unity.timeline/Editor/StyleSheets/Images/Icons/d_TrackAvatarButtonEnabled@2x.png
  artifactKey: Guid(fd12dbe3b63ae464f824b4a74c0e1766) Importer(815301076,1909f56bfc062723c751e8b465ee728b)
Start importing Packages/com.unity.timeline/Editor/StyleSheets/Images/Icons/d_TrackAvatarButtonEnabled@2x.png using Guid(fd12dbe3b63ae464f824b4a74c0e1766) Importer(815301076,1909f56bfc062723c751e8b465ee728b)  -> (artifact id: 'ef03ce86c86acaeb23ef9dfe33df0bd3') in 0.018765 seconds 
========================================================================
Received Import Request.
  Time since last request: 0.000048 seconds.
  path: Packages/com.unity.timeline/Editor/StyleSheets/Images/Icons/d_TrackAvatarButtonEnabled.png
  artifactKey: Guid(c207dcd389fb689489f5266468cd4609) Importer(815301076,1909f56bfc062723c751e8b465ee728b)
Start importing Packages/com.unity.timeline/Editor/StyleSheets/Images/Icons/d_TrackAvatarButtonEnabled.png using Guid(c207dcd389fb689489f5266468cd4609) Importer(815301076,1909f56bfc062723c751e8b465ee728b)  -> (artifact id: '252117e661dc4444d50a98ab2e6a6a84') in 0.017137 seconds 
========================================================================
Received Import Request.
  Time since last request: 0.240132 seconds.
  path: Packages/com.unity.timeline/Editor/StyleSheets/Images/Icons/d_TimelineEditModeMixOFF.png
  artifactKey: Guid(39d9575ed0465354cb02b69ea18526de) Importer(815301076,1909f56bfc062723c751e8b465ee728b)
Start importing Packages/com.unity.timeline/Editor/StyleSheets/Images/Icons/d_TimelineEditModeMixOFF.png using Guid(39d9575ed0465354cb02b69ea18526de) Importer(815301076,1909f56bfc062723c751e8b465ee728b)  -> (artifact id: '0964d01f666d2f96184657d41aa0dd6c') in 0.018618 seconds 
========================================================================
Received Import Request.
  Time since last request: 0.000031 seconds.
  path: Packages/com.unity.timeline/Editor/StyleSheets/Images/Icons/d_TimelineEditModeReplaceON.png
  artifactKey: Guid(7b4b3cedf598c954cb2f38d6e2e34c0d) Importer(815301076,1909f56bfc062723c751e8b465ee728b)
Start importing Packages/com.unity.timeline/Editor/StyleSheets/Images/Icons/d_TimelineEditModeReplaceON.png using Guid(7b4b3cedf598c954cb2f38d6e2e34c0d) Importer(815301076,1909f56bfc062723c751e8b465ee728b)  -> (artifact id: 'eb69b3878d05d1a785f3400295dfb2f8') in 0.017574 seconds 
========================================================================
Received Import Request.
  Time since last request: 0.000028 seconds.
  path: Packages/com.unity.timeline/Editor/StyleSheets/Images/Icons/d_TimelineEditModeRippleOFF.png
  artifactKey: Guid(411e6f19c19fa0546af83aeb59c2ed4b) Importer(815301076,1909f56bfc062723c751e8b465ee728b)
Start importing Packages/com.unity.timeline/Editor/StyleSheets/Images/Icons/d_TimelineEditModeRippleOFF.png using Guid(411e6f19c19fa0546af83aeb59c2ed4b) Importer(815301076,1909f56bfc062723c751e8b465ee728b)  -> (artifact id: '8640fe1a8e19779209a6654c9a5e2da8') in 0.017936 seconds 
========================================================================
Received Import Request.
  Time since last request: 0.222147 seconds.
  path: Packages/com.unity.collab-proxy/Editor/PlasticSCM/Assets/Images/d_step3@2x.png
  artifactKey: Guid(c9ed6d6ea2f9657409bfa068d4846139) Importer(815301076,1909f56bfc062723c751e8b465ee728b)
Start importing Packages/com.unity.collab-proxy/Editor/PlasticSCM/Assets/Images/d_step3@2x.png using Guid(c9ed6d6ea2f9657409bfa068d4846139) Importer(815301076,1909f56bfc062723c751e8b465ee728b)  -> (artifact id: '0e3ad8eda818b5327d31605fa24259ec') in 0.035193 seconds 
========================================================================
Received Import Request.
  Time since last request: 0.000033 seconds.
  path: Packages/com.unity.collab-proxy/Editor/PlasticSCM/Assets/Images/d_stevejobsbuhoshechristmas.png
  artifactKey: Guid(f008857e434b98b4eaabda1fd6af3059) Importer(815301076,1909f56bfc062723c751e8b465ee728b)
Start importing Packages/com.unity.collab-proxy/Editor/PlasticSCM/Assets/Images/d_stevejobsbuhoshechristmas.png using Guid(f008857e434b98b4eaabda1fd6af3059) Importer(815301076,1909f56bfc062723c751e8b465ee728b)  -> (artifact id: '3869ed30a912f041ebc69264fe0bb6c2') in 0.035242 seconds 
========================================================================
Received Import Request.
  Time since last request: 0.000032 seconds.
  path: Packages/com.unity.collab-proxy/Editor/PlasticSCM/Assets/Images/d_stevejobsbuho.png
  artifactKey: Guid(e92527f6d0fe45342ab542b47346d45f) Importer(815301076,1909f56bfc062723c751e8b465ee728b)
Start importing Packages/com.unity.collab-proxy/Editor/PlasticSCM/Assets/Images/d_stevejobsbuho.png using Guid(e92527f6d0fe45342ab542b47346d45f) Importer(815301076,1909f56bfc062723c751e8b465ee728b)  -> (artifact id: 'afbef89dfcaf26937a3a2cbe50cf3adb') in 0.029084 seconds 
========================================================================
Received Import Request.
  Time since last request: 0.000035 seconds.
  path: Packages/com.unity.render-pipelines.core/Editor/Lighting/Icons/LightUnitIcons/d_SunriseSunset@2x.png
  artifactKey: Guid(e737fd1dd31046c4da43e8ba94fdaf63) Importer(815301076,1909f56bfc062723c751e8b465ee728b)
Start importing Packages/com.unity.render-pipelines.core/Editor/Lighting/Icons/LightUnitIcons/d_SunriseSunset@2x.png using Guid(e737fd1dd31046c4da43e8ba94fdaf63) Importer(815301076,1909f56bfc062723c751e8b465ee728b)  -> (artifact id: 'cd9885b3507e5fadf713f91feca57bc1') in 0.017568 seconds 
========================================================================
Received Import Request.
  Time since last request: 0.000037 seconds.
  path: Packages/com.unity.collab-proxy/Editor/PlasticSCM/Assets/Images/d_stepok@2x.png
  artifactKey: Guid(3494dc956dfd7174abc07060940a2848) Importer(815301076,1909f56bfc062723c751e8b465ee728b)
Start importing Packages/com.unity.collab-proxy/Editor/PlasticSCM/Assets/Images/d_stepok@2x.png using Guid(3494dc956dfd7174abc07060940a2848) Importer(815301076,1909f56bfc062723c751e8b465ee728b)  -> (artifact id: '61c1fa5fd7a18cef6324f03e55e2b84e') in 0.516378 seconds 
========================================================================
Received Import Request.
  Time since last request: 0.000043 seconds.
  path: Packages/com.unity.timeline/Editor/StyleSheets/Images/Icons/d_TimelineCollapseMarkerButtonEnabled.png
  artifactKey: Guid(2446ee609b613cd4e9142ccc55cb7c43) Importer(815301076,1909f56bfc062723c751e8b465ee728b)
Start importing Packages/com.unity.timeline/Editor/StyleSheets/Images/Icons/d_TimelineCollapseMarkerButtonEnabled.png using Guid(2446ee609b613cd4e9142ccc55cb7c43) Importer(815301076,1909f56bfc062723c751e8b465ee728b)  -> (artifact id: 'eb4af8f9e1389c43818424b8923831d7') in 0.016474 seconds 
========================================================================
Received Import Request.
  Time since last request: 0.000048 seconds.
  path: Packages/com.unity.render-pipelines.core/Editor/LookDev/Icons/d_SunPosition@2x.png
  artifactKey: Guid(ba2d3d7d05fd3e046b6d413365e9b11e) Importer(815301076,1909f56bfc062723c751e8b465ee728b)
Start importing Packages/com.unity.render-pipelines.core/Editor/LookDev/Icons/d_SunPosition@2x.png using Guid(ba2d3d7d05fd3e046b6d413365e9b11e) Importer(815301076,1909f56bfc062723c751e8b465ee728b)  -> (artifact id: 'c81527c9c4d7cfd7bd5c56a63774824d') in 0.020844 seconds 
========================================================================
Received Import Request.
  Time since last request: 5.903387 seconds.
  path: Packages/com.unity.visualscripting/Editor/VisualScripting.Core/EditorAssetResources/AboutPage@32x.png
  artifactKey: Guid(f6f048125c21440218c781f481346589) Importer(815301076,1909f56bfc062723c751e8b465ee728b)
Start importing Packages/com.unity.visualscripting/Editor/VisualScripting.Core/EditorAssetResources/AboutPage@32x.png using Guid(f6f048125c21440218c781f481346589) Importer(815301076,1909f56bfc062723c751e8b465ee728b)  -> (artifact id: 'ecd56c9f64cd938d6137b51e1e76ae70') in 0.016899 seconds 
========================================================================
Received Import Request.
  Time since last request: 0.003087 seconds.
  path: Packages/com.unity.visualscripting/Editor/VisualScripting.Core/EditorAssetResources/AlignCenters_Pro@32x.png
  artifactKey: Guid(3b7d833555c9e40048ba772bee4e95da) Importer(815301076,1909f56bfc062723c751e8b465ee728b)
Start importing Packages/com.unity.visualscripting/Editor/VisualScripting.Core/EditorAssetResources/AlignCenters_Pro@32x.png using Guid(3b7d833555c9e40048ba772bee4e95da) Importer(815301076,1909f56bfc062723c751e8b465ee728b)  -> (artifact id: '9e1dd47be4e40595152bd138145a041d') in 0.018383 seconds 
========================================================================
Received Import Request.
  Time since last request: 0.000031 seconds.
  path: Packages/com.unity.visualscripting/Editor/VisualScripting.Core/EditorAssetResources/AlignMiddles@16x.png
  artifactKey: Guid(ca528f844be0c412f8989fd091d33053) Importer(815301076,1909f56bfc062723c751e8b465ee728b)
Start importing Packages/com.unity.visualscripting/Editor/VisualScripting.Core/EditorAssetResources/AlignMiddles@16x.png using Guid(ca528f844be0c412f8989fd091d33053) Importer(815301076,1909f56bfc062723c751e8b465ee728b)  -> (artifact id: '31aa40f3fffea041e92f03b804c93537') in 0.016176 seconds 
========================================================================
Received Import Request.
  Time since last request: 0.000024 seconds.
  path: Packages/com.unity.visualscripting/Editor/VisualScripting.Core/EditorAssetResources/AlignBottomEdges_Pro@32x.png
  artifactKey: Guid(a1e6fe2274216429b89e856076569051) Importer(815301076,1909f56bfc062723c751e8b465ee728b)
Start importing Packages/com.unity.visualscripting/Editor/VisualScripting.Core/EditorAssetResources/AlignBottomEdges_Pro@32x.png using Guid(a1e6fe2274216429b89e856076569051) Importer(815301076,1909f56bfc062723c751e8b465ee728b)  -> (artifact id: '7bc506c36a761db928e9d0bf06b678ab') in 0.016500 seconds 
========================================================================
Received Import Request.
  Time since last request: 0.000025 seconds.
  path: Packages/com.unity.render-pipelines.core/Editor/Lighting/Icons/Advanced_UnPressed_mini.png
  artifactKey: Guid(b356b95f05b77cf49a1b8241134f44c4) Importer(815301076,1909f56bfc062723c751e8b465ee728b)
Start importing Packages/com.unity.render-pipelines.core/Editor/Lighting/Icons/Advanced_UnPressed_mini.png using Guid(b356b95f05b77cf49a1b8241134f44c4) Importer(815301076,1909f56bfc062723c751e8b465ee728b)  -> (artifact id: '5ab69b8a4ef919396216a02fa09d0ee7') in 0.016544 seconds 
========================================================================
Received Import Request.
  Time since last request: 0.000034 seconds.
  path: Packages/com.unity.visualscripting/Editor/VisualScripting.Core/EditorAssetResources/AlignRightEdges@64x.png
  artifactKey: Guid(171f845ea1e524534bff28d3593c6392) Importer(815301076,1909f56bfc062723c751e8b465ee728b)
Start importing Packages/com.unity.visualscripting/Editor/VisualScripting.Core/EditorAssetResources/AlignRightEdges@64x.png using Guid(171f845ea1e524534bff28d3593c6392) Importer(815301076,1909f56bfc062723c751e8b465ee728b)  -> (artifact id: 'b290f59519880c64dd32dd8b55734948') in 0.016802 seconds 
========================================================================
Received Import Request.
  Time since last request: 0.000041 seconds.
  path: Packages/com.unity.visualscripting/Editor/VisualScripting.Core/EditorAssetResources/AlignMiddles_Pro@32x.png
  artifactKey: Guid(524453ba8f2f24080bfb85112381b57a) Importer(815301076,1909f56bfc062723c751e8b465ee728b)
Start importing Packages/com.unity.visualscripting/Editor/VisualScripting.Core/EditorAssetResources/AlignMiddles_Pro@32x.png using Guid(524453ba8f2f24080bfb85112381b57a) Importer(815301076,1909f56bfc062723c751e8b465ee728b)  -> (artifact id: '33cf08f2f0dc543870d7d6308c5479d4') in 0.016568 seconds 
========================================================================
Received Import Request.
  Time since last request: 0.000038 seconds.
  path: Packages/com.unity.visualscripting/Editor/VisualScripting.Core/EditorAssetResources/AlignLeftEdges@64x.png
  artifactKey: Guid(8cba85d094d7f4711a50c61837c88805) Importer(815301076,1909f56bfc062723c751e8b465ee728b)
Start importing Packages/com.unity.visualscripting/Editor/VisualScripting.Core/EditorAssetResources/AlignLeftEdges@64x.png using Guid(8cba85d094d7f4711a50c61837c88805) Importer(815301076,1909f56bfc062723c751e8b465ee728b)  -> (artifact id: 'a55def947b3a5ad6c1cdc40a9336bd79') in 0.016604 seconds 
========================================================================
Received Import Request.
  Time since last request: 0.000039 seconds.
  path: Packages/com.unity.visualscripting/Editor/VisualScripting.Core/EditorAssetResources/AlignRightEdges@16x.png
  artifactKey: Guid(fea8fb17f6cac40838746bd73f5d057a) Importer(815301076,1909f56bfc062723c751e8b465ee728b)
Start importing Packages/com.unity.visualscripting/Editor/VisualScripting.Core/EditorAssetResources/AlignRightEdges@16x.png using Guid(fea8fb17f6cac40838746bd73f5d057a) Importer(815301076,1909f56bfc062723c751e8b465ee728b)  -> (artifact id: 'bcd217271dd38adf6d51fbb660d61384') in 0.015977 seconds 
========================================================================
Received Import Request.
  Time since last request: 0.000043 seconds.
  path: Packages/com.unity.visualscripting/Editor/VisualScripting.Core/EditorAssetResources/AlignLeftEdges_Pro@64x.png
  artifactKey: Guid(6fefb1fc045984bd9bd18ee632b0478e) Importer(815301076,1909f56bfc062723c751e8b465ee728b)
Start importing Packages/com.unity.visualscripting/Editor/VisualScripting.Core/EditorAssetResources/AlignLeftEdges_Pro@64x.png using Guid(6fefb1fc045984bd9bd18ee632b0478e) Importer(815301076,1909f56bfc062723c751e8b465ee728b)  -> (artifact id: 'e28ec88b9350d5c6873df14860784a59') in 0.017829 seconds 
========================================================================
Received Import Request.
  Time since last request: 0.000035 seconds.
  path: Packages/com.unity.visualscripting/Editor/VisualScripting.Core/EditorAssetResources/AlignLeftEdges_Pro@16x.png
  artifactKey: Guid(587389441507f458aa1cda43ff948fe3) Importer(815301076,1909f56bfc062723c751e8b465ee728b)
Start importing Packages/com.unity.visualscripting/Editor/VisualScripting.Core/EditorAssetResources/AlignLeftEdges_Pro@16x.png using Guid(587389441507f458aa1cda43ff948fe3) Importer(815301076,1909f56bfc062723c751e8b465ee728b)  -> (artifact id: '24d4d2bfc7addd12c5c6c3cfd3c670a7') in 0.016037 seconds 
========================================================================
Received Import Request.
  Time since last request: 0.000031 seconds.
  path: Packages/com.unity.visualscripting/Editor/VisualScripting.Core/EditorAssetResources/AlignLeftEdges@16x.png
  artifactKey: Guid(37a2b0b8c4ef141108607886b0caa3f2) Importer(815301076,1909f56bfc062723c751e8b465ee728b)
Start importing Packages/com.unity.visualscripting/Editor/VisualScripting.Core/EditorAssetResources/AlignLeftEdges@16x.png using Guid(37a2b0b8c4ef141108607886b0caa3f2) Importer(815301076,1909f56bfc062723c751e8b465ee728b)  -> (artifact id: '61d88029d02fcc69b1a3dd099685592c') in 0.019896 seconds 
========================================================================
Received Import Request.
  Time since last request: 0.000032 seconds.
  path: Packages/com.unity.visualscripting/Editor/VisualScripting.Core/EditorAssetResources/AlignCenters_Pro@16x.png
  artifactKey: Guid(dc0c11ade5ba44bafbb1a28a2b3af4c6) Importer(815301076,1909f56bfc062723c751e8b465ee728b)
Start importing Packages/com.unity.visualscripting/Editor/VisualScripting.Core/EditorAssetResources/AlignCenters_Pro@16x.png using Guid(dc0c11ade5ba44bafbb1a28a2b3af4c6) Importer(815301076,1909f56bfc062723c751e8b465ee728b)  -> (artifact id: '5359f166c52bdc25eb160202ddc52ecc') in 0.017502 seconds 
========================================================================
Received Import Request.
  Time since last request: 0.000034 seconds.
  path: Packages/com.unity.visualscripting/Editor/VisualScripting.Core/EditorAssetResources/AlignLeftEdges@32x.png
  artifactKey: Guid(a3b825c234c674bf4a9222c0987ab67e) Importer(815301076,1909f56bfc062723c751e8b465ee728b)
Start importing Packages/com.unity.visualscripting/Editor/VisualScripting.Core/EditorAssetResources/AlignLeftEdges@32x.png using Guid(a3b825c234c674bf4a9222c0987ab67e) Importer(815301076,1909f56bfc062723c751e8b465ee728b)  -> (artifact id: 'df88cbf2774b9b545d4052d931fd31f6') in 0.018489 seconds 
========================================================================
Received Import Request.
  Time since last request: 0.000031 seconds.
  path: Packages/com.unity.visualscripting/Editor/VisualScripting.Core/EditorAssetResources/AlignLeftEdges_Pro@32x.png
  artifactKey: Guid(7593deb8647c443c585dcd8615a242e4) Importer(815301076,1909f56bfc062723c751e8b465ee728b)
Start importing Packages/com.unity.visualscripting/Editor/VisualScripting.Core/EditorAssetResources/AlignLeftEdges_Pro@32x.png using Guid(7593deb8647c443c585dcd8615a242e4) Importer(815301076,1909f56bfc062723c751e8b465ee728b)  -> (artifact id: '27f1fd8775efb357fb933e182ed276f2') in 0.015909 seconds 
========================================================================
Received Import Request.
  Time since last request: 0.000056 seconds.
  path: Packages/com.unity.collab-proxy/Editor/Collaborate/Assets/Icons/added-file-dark@2x.png
  artifactKey: Guid(c223e0c507e2c6549a2cb97441b62cbe) Importer(815301076,1909f56bfc062723c751e8b465ee728b)
Start importing Packages/com.unity.collab-proxy/Editor/Collaborate/Assets/Icons/added-file-dark@2x.png using Guid(c223e0c507e2c6549a2cb97441b62cbe) Importer(815301076,1909f56bfc062723c751e8b465ee728b)  -> (artifact id: '3c5986edbd19c309127b019288d22880') in 0.017017 seconds 
========================================================================
Received Import Request.
  Time since last request: 0.000044 seconds.
  path: Packages/com.unity.visualscripting/Editor/VisualScripting.Core/EditorAssetResources/AlignTopEdges@16x.png
  artifactKey: Guid(bc11215cb400a4af39500a6124a17865) Importer(815301076,1909f56bfc062723c751e8b465ee728b)
Start importing Packages/com.unity.visualscripting/Editor/VisualScripting.Core/EditorAssetResources/AlignTopEdges@16x.png using Guid(bc11215cb400a4af39500a6124a17865) Importer(815301076,1909f56bfc062723c751e8b465ee728b)  -> (artifact id: 'e15fc9bd489c85c9408cbd1f70109b56') in 0.017739 seconds 
========================================================================
Received Import Request.
  Time since last request: 0.000032 seconds.
  path: Packages/com.unity.visualscripting/Editor/VisualScripting.Core/EditorAssetResources/AlignBottomEdges_Pro@16x.png
  artifactKey: Guid(3b765d6093f8d451ead35d37ebc60c31) Importer(815301076,1909f56bfc062723c751e8b465ee728b)
Start importing Packages/com.unity.visualscripting/Editor/VisualScripting.Core/EditorAssetResources/AlignBottomEdges_Pro@16x.png using Guid(3b765d6093f8d451ead35d37ebc60c31) Importer(815301076,1909f56bfc062723c751e8b465ee728b)  -> (artifact id: '615346b414938cb5aa92dcae1ab8012e') in 0.023061 seconds 
========================================================================
Received Import Request.
  Time since last request: 0.000029 seconds.
  path: Packages/com.unity.visualscripting/Editor/VisualScripting.Core/EditorAssetResources/AlignRightEdges_Pro@32x.png
  artifactKey: Guid(38e4a64922aca4fbe89d48c3e731c8a0) Importer(815301076,1909f56bfc062723c751e8b465ee728b)
Start importing Packages/com.unity.visualscripting/Editor/VisualScripting.Core/EditorAssetResources/AlignRightEdges_Pro@32x.png using Guid(38e4a64922aca4fbe89d48c3e731c8a0) Importer(815301076,1909f56bfc062723c751e8b465ee728b)  -> (artifact id: '234144b4e63fc81cbcb93fe9f1a21a22') in 0.018637 seconds 
========================================================================
Received Import Request.
  Time since last request: 0.000035 seconds.
  path: Packages/com.unity.visualscripting/Editor/VisualScripting.Core/EditorAssetResources/AlignCenters@32x.png
  artifactKey: Guid(d4bc671e4f59e47a2990c9de9e279a3b) Importer(815301076,1909f56bfc062723c751e8b465ee728b)
Start importing Packages/com.unity.visualscripting/Editor/VisualScripting.Core/EditorAssetResources/AlignCenters@32x.png using Guid(d4bc671e4f59e47a2990c9de9e279a3b) Importer(815301076,1909f56bfc062723c751e8b465ee728b)  -> (artifact id: '2b0523018bd100df662ed823df8bf1fa') in 0.019310 seconds 
========================================================================
Received Import Request.
  Time since last request: 0.000035 seconds.
  path: Packages/com.unity.collab-proxy/Editor/Collaborate/Assets/Icons/added-file-light.png
  artifactKey: Guid(397fff6c3885f8343bb65714f0064b5d) Importer(815301076,1909f56bfc062723c751e8b465ee728b)
Start importing Packages/com.unity.collab-proxy/Editor/Collaborate/Assets/Icons/added-file-light.png using Guid(397fff6c3885f8343bb65714f0064b5d) Importer(815301076,1909f56bfc062723c751e8b465ee728b)  -> (artifact id: '350067348552aa26344409e5748c38af') in 0.015896 seconds 
========================================================================
Received Import Request.
  Time since last request: 42.865056 seconds.
  path: Assets/StarSparrow/Meshes/StarSparrow8.fbx
  artifactKey: Guid(15e01a88075383240a48bc4527c69658) Importer(815301076,1909f56bfc062723c751e8b465ee728b)
Start importing Assets/StarSparrow/Meshes/StarSparrow8.fbx using Guid(15e01a88075383240a48bc4527c69658) Importer(815301076,1909f56bfc062723c751e8b465ee728b)  -> (artifact id: 'fb6489efe82887b080b4ee61c6f0d163') in 0.076158 seconds 
========================================================================
Received Import Request.
  Time since last request: 0.000030 seconds.
  path: Assets/StarSparrow/Meshes/StarSparrow13.fbx
  artifactKey: Guid(94c6c0903b5d2284fb621d96b5b82262) Importer(815301076,1909f56bfc062723c751e8b465ee728b)
Start importing Assets/StarSparrow/Meshes/StarSparrow13.fbx using Guid(94c6c0903b5d2284fb621d96b5b82262) Importer(815301076,1909f56bfc062723c751e8b465ee728b)  -> (artifact id: '7188e21978a52b81a38114fff4b99047') in 0.029331 seconds 
========================================================================
Received Import Request.
  Time since last request: 0.000048 seconds.
  path: Assets/StarSparrow/Meshes/StarSparrow20.fbx
  artifactKey: Guid(2aa3be39e3a89da4ea9381a79b1d3c8a) Importer(815301076,1909f56bfc062723c751e8b465ee728b)
Start importing Assets/StarSparrow/Meshes/StarSparrow20.fbx using Guid(2aa3be39e3a89da4ea9381a79b1d3c8a) Importer(815301076,1909f56bfc062723c751e8b465ee728b)  -> (artifact id: 'df8a5557657ccfbefaa481d57d5feef2') in 0.025163 seconds 
========================================================================
Received Import Request.
  Time since last request: 0.000039 seconds.
  path: Assets/StarSparrow/Meshes/StarSparrow15.fbx
  artifactKey: Guid(4ac596a5da39c934992511e9527a6984) Importer(815301076,1909f56bfc062723c751e8b465ee728b)
Start importing Assets/StarSparrow/Meshes/StarSparrow15.fbx using Guid(4ac596a5da39c934992511e9527a6984) Importer(815301076,1909f56bfc062723c751e8b465ee728b)  -> (artifact id: 'cecf23a5e0074a4b1f81abb6520767ce') in 0.027245 seconds 
========================================================================
Received Import Request.
  Time since last request: 0.000027 seconds.
  path: Assets/StarSparrow/Meshes/StarSparrow12.fbx
  artifactKey: Guid(0e9d6058df1cdae40ad43cc3ded56497) Importer(815301076,1909f56bfc062723c751e8b465ee728b)
Start importing Assets/StarSparrow/Meshes/StarSparrow12.fbx using Guid(0e9d6058df1cdae40ad43cc3ded56497) Importer(815301076,1909f56bfc062723c751e8b465ee728b)  -> (artifact id: 'ad777cab89e76b6d8ce9ce3e29e75577') in 0.026410 seconds 
========================================================================
Received Import Request.
  Time since last request: 0.000028 seconds.
  path: Assets/StarSparrow/Meshes/StarSparrow19.fbx
  artifactKey: Guid(0c96b086dbd8f5647806bfb7ee9b928a) Importer(815301076,1909f56bfc062723c751e8b465ee728b)
Start importing Assets/StarSparrow/Meshes/StarSparrow19.fbx using Guid(0c96b086dbd8f5647806bfb7ee9b928a) Importer(815301076,1909f56bfc062723c751e8b465ee728b)  -> (artifact id: 'f0a8cf2fb56127732f94b6ec134e82be') in 0.027531 seconds 
========================================================================
Received Import Request.
  Time since last request: 0.000029 seconds.
  path: Assets/StarSparrow/Meshes/StarSparrow14.fbx
  artifactKey: Guid(a1ea0ecc2fbc5d64aa2935307474ff0a) Importer(815301076,1909f56bfc062723c751e8b465ee728b)
Start importing Assets/StarSparrow/Meshes/StarSparrow14.fbx using Guid(a1ea0ecc2fbc5d64aa2935307474ff0a) Importer(815301076,1909f56bfc062723c751e8b465ee728b)  -> (artifact id: '0b24fa35abb716df358dd5db38f609b8') in 0.027382 seconds 
========================================================================
Received Import Request.
  Time since last request: 0.000028 seconds.
  path: Assets/StarSparrow/Meshes/StarSparrow11.fbx
  artifactKey: Guid(aaf7aa019f23a0940afebb1950259a1d) Importer(815301076,1909f56bfc062723c751e8b465ee728b)
Start importing Assets/StarSparrow/Meshes/StarSparrow11.fbx using Guid(aaf7aa019f23a0940afebb1950259a1d) Importer(815301076,1909f56bfc062723c751e8b465ee728b)  -> (artifact id: '36dd2140a9b9a9d42492f41d8e7690ed') in 0.024532 seconds 
========================================================================
Received Import Request.
  Time since last request: 1.209725 seconds.
  path: Assets/StarSparrow/Meshes/StarSparrow1.fbx
  artifactKey: Guid(9eafec2478441af418574f3e9e971f8d) Importer(815301076,1909f56bfc062723c751e8b465ee728b)
Start importing Assets/StarSparrow/Meshes/StarSparrow1.fbx using Guid(9eafec2478441af418574f3e9e971f8d) Importer(815301076,1909f56bfc062723c751e8b465ee728b)  -> (artifact id: 'd2571ec7afcc743f70ce8c0e3d4026ee') in 0.028516 seconds 
========================================================================
Received Import Request.
  Time since last request: 0.000030 seconds.
  path: Assets/StarSparrow/Meshes/StarSparrow6.fbx
  artifactKey: Guid(d84ec9911cfe0f142b57114817caaf7d) Importer(815301076,1909f56bfc062723c751e8b465ee728b)
Start importing Assets/StarSparrow/Meshes/StarSparrow6.fbx using Guid(d84ec9911cfe0f142b57114817caaf7d) Importer(815301076,1909f56bfc062723c751e8b465ee728b)  -> (artifact id: 'ea5de10bb9442e85d47ea6dbda8b3914') in 0.028167 seconds 
========================================================================
Received Import Request.
  Time since last request: 0.000035 seconds.
  path: Assets/StarSparrow/Meshes/StarSparrow5.fbx
  artifactKey: Guid(0367de8b5e7f1a241a7571d0b6732855) Importer(815301076,1909f56bfc062723c751e8b465ee728b)
Start importing Assets/StarSparrow/Meshes/StarSparrow5.fbx using Guid(0367de8b5e7f1a241a7571d0b6732855) Importer(815301076,1909f56bfc062723c751e8b465ee728b)  -> (artifact id: 'd84980be79e03c12b90f2b574a8d3008') in 0.024848 seconds 
========================================================================
Received Import Request.
  Time since last request: 0.166921 seconds.
  path: Assets/StarSparrow/Meshes/BonusContent/FlyingInsects3_Wing4.FBX
  artifactKey: Guid(bb401a4b2f241b54f904ccba8227557f) Importer(815301076,1909f56bfc062723c751e8b465ee728b)
Start importing Assets/StarSparrow/Meshes/BonusContent/FlyingInsects3_Wing4.FBX using Guid(bb401a4b2f241b54f904ccba8227557f) Importer(815301076,1909f56bfc062723c751e8b465ee728b)  -> (artifact id: '535045e7e0a552e0badf22648b0e3e11') in 0.029819 seconds 
========================================================================
Received Import Request.
  Time since last request: 0.052656 seconds.
  path: Assets/StarSparrow/Meshes/BonusContent/AsteroidsSample.FBX
  artifactKey: Guid(4514a249f7ca7d44b8eb4cbd48174504) Importer(815301076,1909f56bfc062723c751e8b465ee728b)
Start importing Assets/StarSparrow/Meshes/BonusContent/AsteroidsSample.FBX using Guid(4514a249f7ca7d44b8eb4cbd48174504) Importer(815301076,1909f56bfc062723c751e8b465ee728b)  -> (artifact id: '067669f3acd210c7776d19784b30bafe') in 0.055139 seconds 
Editor requested this worker to shutdown with reason: Scaling down because of idle timeout
AssetImportWorker is now disconnected from the server
Process exiting
Exiting without the bug reporter. Application will terminate with return code 0