Using pre-set license
Built from '2021.1/release' branch; Version is '2021.1.4f1 (4cd64a618c1b) revision 5035594'; Using compiler version '192528614'; Build Type 'Release'
OS: 'Windows 10 Home; OS build 19042.1237; Version 2009; 64bit' Language: 'en' Physical Memory: 32720 MB
BatchMode: 1, IsHumanControllingUs: 0, StartBugReporterOnCrash: 0, Is64bit: 1, IsPro: 0

 COMMAND LINE ARGUMENTS:
C:\Program Files\Unity\Hub\Editor\2021.1.4f1\Editor\Unity.exe
-adb2
-batchMode
-noUpm
-name
AssetImportWorker0
-projectPath
C:/Users/brian/Documents/Unity Projects/FleetCommand
-logFile
Logs/AssetImportWorker0.log
-srvPort
60424
Successfully changed project path to: C:/Users/brian/Documents/Unity Projects/FleetCommand
C:/Users/brian/Documents/Unity Projects/FleetCommand
Using Asset Import Pipeline V2.
Refreshing native plugins compatible for Editor in 105.21 ms, found 1 plugins.
Preloading 0 native plugins for Editor in 0.00 ms.
Initialize engine version: 2021.1.4f1 (4cd64a618c1b)
[Subsystems] Discovering subsystems at path C:/Program Files/Unity/Hub/Editor/2021.1.4f1/Editor/Data/Resources/UnitySubsystems
[Subsystems] Discovering subsystems at path C:/Users/brian/Documents/Unity Projects/FleetCommand/Assets
GfxDevice: creating device client; threaded=0; jobified=0
Direct3D:
    Version:  Direct3D 11.0 [level 11.1]
    Renderer: NVIDIA GeForce RTX 2070 (ID=0x1f02)
    Vendor:   NVIDIA
    VRAM:     8031 MB
    Driver:   27.21.14.6192
Shader 'Universal Render Pipeline/Particles/Lit': fallback shader 'Universal Render Pipeline/Particles/SimpleLit' not found
Initialize mono
Mono path[0] = 'C:/Program Files/Unity/Hub/Editor/2021.1.4f1/Editor/Data/Managed'
Mono path[1] = 'C:/Program Files/Unity/Hub/Editor/2021.1.4f1/Editor/Data/MonoBleedingEdge/lib/mono/unityjit'
Mono config path = 'C:/Program Files/Unity/Hub/Editor/2021.1.4f1/Editor/Data/MonoBleedingEdge/etc'
Using monoOptions --debugger-agent=transport=dt_socket,embedding=1,server=y,suspend=n,address=127.0.0.1:56960
Begin MonoManager ReloadAssembly
Registering precompiled unity dll's ...
Register platform support module: C:/Program Files/Unity/Hub/Editor/2021.1.4f1/Editor/Data/PlaybackEngines/WindowsStandaloneSupport/UnityEditor.WindowsStandalone.Extensions.dll
Registered in 0.002625 seconds.
Native extension for WindowsStandalone target not found
Refreshing native plugins compatible for Editor in 107.19 ms, found 1 plugins.
Preloading 0 native plugins for Editor in 0.00 ms.
Mono: successfully reloaded assembly
- Completed reload, in  2.447 seconds
Platform modules already initialized, skipping
Registering precompiled user dll's ...
Registered in 0.010070 seconds.
Begin MonoManager ReloadAssembly
Native extension for WindowsStandalone target not found
Refreshing native plugins compatible for Editor in 107.38 ms, found 1 plugins.
Preloading 0 native plugins for Editor in 0.00 ms.
Mono: successfully reloaded assembly
- Completed reload, in  1.887 seconds
Platform modules already initialized, skipping
========================================================================
Worker process is ready to serve import requests
Shader 'Universal Render Pipeline/Particles/Lit': fallback shader 'Universal Render Pipeline/Particles/SimpleLit' not found
Launched and connected shader compiler UnityShaderCompiler.exe after 0.05 seconds
Refreshing native plugins compatible for Editor in 0.81 ms, found 1 plugins.
Preloading 0 native plugins for Editor in 0.00 ms.
Unloading 3987 Unused Serialized files (Serialized files now loaded: 0)
System memory in use before: 229.5 MB.
System memory in use after: 229.7 MB.

Unloading 25 unused Assets to reduce memory usage. Loaded Objects now: 4496.
Total: 22.237600 ms (FindLiveObjects: 0.362300 ms CreateObjectMapping: 0.099500 ms MarkObjects: 21.659700 ms  DeleteObjects: 0.114100 ms)

========================================================================
Received Import Request.
  path: Assets/Scriptables
  artifactKey: Guid(5ad7e26e9a7940c499ad0fe243250b2f) Importer(815301076,1909f56bfc062723c751e8b465ee728b)
Start importing Assets/Scriptables using Guid(5ad7e26e9a7940c499ad0fe243250b2f) Importer(815301076,1909f56bfc062723c751e8b465ee728b)  -> (artifact id: '5f44ef02be8a9107cb3b35aadfdd6bc9') in 0.012079 seconds 
========================================================================
Received Import Request.
  Time since last request: 6.035855 seconds.
  path: Assets/Scriptables/Code
  artifactKey: Guid(70b811456023d0b46a70bfac8b6ea490) Importer(815301076,1909f56bfc062723c751e8b465ee728b)
Start importing Assets/Scriptables/Code using Guid(70b811456023d0b46a70bfac8b6ea490) Importer(815301076,1909f56bfc062723c751e8b465ee728b)  -> (artifact id: '875499ab47415ace937d58bd5304dec3') in 0.006704 seconds 
========================================================================
Received Import Request.
  Time since last request: 24.425425 seconds.
  path: Assets/Scriptables/Code/WeaponData.cs
  artifactKey: Guid(e46e7f5ad1f1dd04c8d6c6a5571030ad) Importer(815301076,1909f56bfc062723c751e8b465ee728b)
Start importing Assets/Scriptables/Code/WeaponData.cs using Guid(e46e7f5ad1f1dd04c8d6c6a5571030ad) Importer(815301076,1909f56bfc062723c751e8b465ee728b)  -> (artifact id: '3b8bcfe200cd6946e495690e1f76f783') in 0.028743 seconds 
========================================================================
Received Import Request.
  Time since last request: 25.768240 seconds.
  path: Assets/Scriptables/Code/WeaponData.cs
  artifactKey: Guid(e46e7f5ad1f1dd04c8d6c6a5571030ad) Importer(815301076,1909f56bfc062723c751e8b465ee728b)
Start importing Assets/Scriptables/Code/WeaponData.cs using Guid(e46e7f5ad1f1dd04c8d6c6a5571030ad) Importer(815301076,1909f56bfc062723c751e8b465ee728b)  -> (artifact id: '72486f29bd8af2897c8b3f9802a368d5') in 0.003366 seconds 
========================================================================
Received Import Request.
  Time since last request: 33.947227 seconds.
  path: Assets/Scriptables/Code/WeaponData.cs
  artifactKey: Guid(e46e7f5ad1f1dd04c8d6c6a5571030ad) Importer(815301076,1909f56bfc062723c751e8b465ee728b)
Start importing Assets/Scriptables/Code/WeaponData.cs using Guid(e46e7f5ad1f1dd04c8d6c6a5571030ad) Importer(815301076,1909f56bfc062723c751e8b465ee728b)  -> (artifact id: '74c997d9f91b35493427c4e9ef1839af') in 0.002802 seconds 
========================================================================
Received Import Request.
  Time since last request: 21.300762 seconds.
  path: Assets/Scriptables/Code/WeaponData.cs
  artifactKey: Guid(e46e7f5ad1f1dd04c8d6c6a5571030ad) Importer(815301076,1909f56bfc062723c751e8b465ee728b)
Start importing Assets/Scriptables/Code/WeaponData.cs using Guid(e46e7f5ad1f1dd04c8d6c6a5571030ad) Importer(815301076,1909f56bfc062723c751e8b465ee728b)  -> (artifact id: '7f4ed1a0276c94428fb6222b976966e8') in 0.003326 seconds 
========================================================================
Received Import Request.
  Time since last request: 8.620489 seconds.
  path: Assets/Scriptables/Code/WeaponData.cs
  artifactKey: Guid(e46e7f5ad1f1dd04c8d6c6a5571030ad) Importer(815301076,1909f56bfc062723c751e8b465ee728b)
Start importing Assets/Scriptables/Code/WeaponData.cs using Guid(e46e7f5ad1f1dd04c8d6c6a5571030ad) Importer(815301076,1909f56bfc062723c751e8b465ee728b)  -> (artifact id: '5fa0ca0b7b146477c79521a592657fde') in 0.003092 seconds 
========================================================================
Received Import Request.
  Time since last request: 17.084890 seconds.
  path: Assets/Scriptables/Code/WeaponData.cs
  artifactKey: Guid(e46e7f5ad1f1dd04c8d6c6a5571030ad) Importer(815301076,1909f56bfc062723c751e8b465ee728b)
Start importing Assets/Scriptables/Code/WeaponData.cs using Guid(e46e7f5ad1f1dd04c8d6c6a5571030ad) Importer(815301076,1909f56bfc062723c751e8b465ee728b)  -> (artifact id: '11df1efe4f0033d3eb0d1cc345f0c3b2') in 0.003266 seconds 
========================================================================
Received Import Request.
  Time since last request: 52.190716 seconds.
  path: Assets/Scriptables/Code/WeaponData.cs
  artifactKey: Guid(e46e7f5ad1f1dd04c8d6c6a5571030ad) Importer(815301076,1909f56bfc062723c751e8b465ee728b)
Start importing Assets/Scriptables/Code/WeaponData.cs using Guid(e46e7f5ad1f1dd04c8d6c6a5571030ad) Importer(815301076,1909f56bfc062723c751e8b465ee728b)  -> (artifact id: '9813140976a65e36a20ef1d0384c8e05') in 0.003551 seconds 
========================================================================
Received Import Request.
  Time since last request: 39.177355 seconds.
  path: Assets/Scriptables/Code/WeaponData.cs
  artifactKey: Guid(e46e7f5ad1f1dd04c8d6c6a5571030ad) Importer(815301076,1909f56bfc062723c751e8b465ee728b)
Start importing Assets/Scriptables/Code/WeaponData.cs using Guid(e46e7f5ad1f1dd04c8d6c6a5571030ad) Importer(815301076,1909f56bfc062723c751e8b465ee728b)  -> (artifact id: '6f1bdf67d536eff1ef17d5819ed252c8') in 0.003352 seconds 
========================================================================
Received Prepare
Registering precompiled user dll's ...
Registered in 0.009212 seconds.
Begin MonoManager ReloadAssembly
Native extension for WindowsStandalone target not found
Refreshing native plugins compatible for Editor in 1.17 ms, found 1 plugins.
Preloading 0 native plugins for Editor in 0.00 ms.
Mono: successfully reloaded assembly
- Completed reload, in  1.746 seconds
Platform modules already initialized, skipping
Shader 'Universal Render Pipeline/Particles/Lit': fallback shader 'Universal Render Pipeline/Particles/SimpleLit' not found
Refreshing native plugins compatible for Editor in 0.83 ms, found 1 plugins.
Preloading 0 native plugins for Editor in 0.00 ms.
Unloading 3923 Unused Serialized files (Serialized files now loaded: 0)
System memory in use before: 223.8 MB.
System memory in use after: 224.1 MB.

Unloading 20 unused Assets to reduce memory usage. Loaded Objects now: 4500.
Total: 22.738800 ms (FindLiveObjects: 0.345800 ms CreateObjectMapping: 0.100000 ms MarkObjects: 22.208100 ms  DeleteObjects: 0.082700 ms)

========================================================================
Received Prepare
Registering precompiled user dll's ...
Registered in 0.009218 seconds.
Begin MonoManager ReloadAssembly
Native extension for WindowsStandalone target not found
Refreshing native plugins compatible for Editor in 0.82 ms, found 1 plugins.
Preloading 0 native plugins for Editor in 0.00 ms.
Mono: successfully reloaded assembly
- Completed reload, in  1.685 seconds
Platform modules already initialized, skipping
Shader 'Universal Render Pipeline/Particles/Lit': fallback shader 'Universal Render Pipeline/Particles/SimpleLit' not found
Refreshing native plugins compatible for Editor in 1.22 ms, found 1 plugins.
Preloading 0 native plugins for Editor in 0.00 ms.
Unloading 3923 Unused Serialized files (Serialized files now loaded: 0)
System memory in use before: 223.9 MB.
System memory in use after: 224.1 MB.

Unloading 20 unused Assets to reduce memory usage. Loaded Objects now: 4503.
Total: 22.554000 ms (FindLiveObjects: 0.349200 ms CreateObjectMapping: 0.099400 ms MarkObjects: 22.021900 ms  DeleteObjects: 0.081600 ms)

========================================================================
Received Import Request.
  Time since last request: 96.987886 seconds.
  path: Assets/Scriptables/Code/WeaponData.cs
  artifactKey: Guid(e46e7f5ad1f1dd04c8d6c6a5571030ad) Importer(815301076,1909f56bfc062723c751e8b465ee728b)
Start importing Assets/Scriptables/Code/WeaponData.cs using Guid(e46e7f5ad1f1dd04c8d6c6a5571030ad) Importer(815301076,1909f56bfc062723c751e8b465ee728b)  -> (artifact id: 'b7ebabff3b8655959f489d5e9d2d1a23') in 0.008231 seconds 
========================================================================
Received Import Request.
  Time since last request: 6.315792 seconds.
  path: Assets/Scriptables/WeaponData
  artifactKey: Guid(ba86c51da76c5ff44b7085729e04c2d3) Importer(815301076,1909f56bfc062723c751e8b465ee728b)
Start importing Assets/Scriptables/WeaponData using Guid(ba86c51da76c5ff44b7085729e04c2d3) Importer(815301076,1909f56bfc062723c751e8b465ee728b)  -> (artifact id: '28b1646ce84405194198be0cbf695172') in 0.003902 seconds 
========================================================================
Received Import Request.
  Time since last request: 12.042086 seconds.
  path: Assets/Scriptables/WeaponData/BasicPhaser.asset
  artifactKey: Guid(6fc8ca3df35104845bfdd00194bc81b3) Importer(815301076,1909f56bfc062723c751e8b465ee728b)
Start importing Assets/Scriptables/WeaponData/BasicPhaser.asset using Guid(6fc8ca3df35104845bfdd00194bc81b3) Importer(815301076,1909f56bfc062723c751e8b465ee728b)  -> (artifact id: 'b8a24701977ce158a93a95bbb37d77bf') in 0.055884 seconds 
========================================================================
Received Import Request.
  Time since last request: 74.940398 seconds.
  path: Assets/Scriptables/Code/EquipmentData.cs
  artifactKey: Guid(b38141693a557a048b90063318ffd138) Importer(815301076,1909f56bfc062723c751e8b465ee728b)
Start importing Assets/Scriptables/Code/EquipmentData.cs using Guid(b38141693a557a048b90063318ffd138) Importer(815301076,1909f56bfc062723c751e8b465ee728b)  -> (artifact id: '11bca3ddc3ee9757ee3326612c648a79') in 0.008889 seconds 
========================================================================
Received Prepare
Registering precompiled user dll's ...
Registered in 0.009613 seconds.
Begin MonoManager ReloadAssembly
Native extension for WindowsStandalone target not found
Refreshing native plugins compatible for Editor in 0.84 ms, found 1 plugins.
Preloading 0 native plugins for Editor in 0.00 ms.
Mono: successfully reloaded assembly
- Completed reload, in  1.732 seconds
Platform modules already initialized, skipping
Shader 'Universal Render Pipeline/Particles/Lit': fallback shader 'Universal Render Pipeline/Particles/SimpleLit' not found
Refreshing native plugins compatible for Editor in 0.82 ms, found 1 plugins.
Preloading 0 native plugins for Editor in 0.00 ms.
Unloading 3924 Unused Serialized files (Serialized files now loaded: 0)
System memory in use before: 224.0 MB.
System memory in use after: 224.2 MB.

Unloading 20 unused Assets to reduce memory usage. Loaded Objects now: 4507.
Total: 22.604100 ms (FindLiveObjects: 0.347800 ms CreateObjectMapping: 0.098400 ms MarkObjects: 22.075100 ms  DeleteObjects: 0.080500 ms)

========================================================================
Received Prepare
Registering precompiled user dll's ...
Registered in 0.009500 seconds.
Begin MonoManager ReloadAssembly
Native extension for WindowsStandalone target not found
Refreshing native plugins compatible for Editor in 0.97 ms, found 1 plugins.
Preloading 0 native plugins for Editor in 0.00 ms.
Mono: successfully reloaded assembly
- Completed reload, in  1.737 seconds
Platform modules already initialized, skipping
Shader 'Universal Render Pipeline/Particles/Lit': fallback shader 'Universal Render Pipeline/Particles/SimpleLit' not found
Refreshing native plugins compatible for Editor in 0.82 ms, found 1 plugins.
Preloading 0 native plugins for Editor in 0.00 ms.
Unloading 3924 Unused Serialized files (Serialized files now loaded: 0)
System memory in use before: 224.0 MB.
System memory in use after: 224.2 MB.

Unloading 20 unused Assets to reduce memory usage. Loaded Objects now: 4510.
Total: 22.538800 ms (FindLiveObjects: 0.343300 ms CreateObjectMapping: 0.099600 ms MarkObjects: 22.007200 ms  DeleteObjects: 0.087000 ms)

========================================================================
Received Import Request.
  Time since last request: 398.959385 seconds.
  path: Assets/Scriptables/Code/EquipmentData.cs
  artifactKey: Guid(b38141693a557a048b90063318ffd138) Importer(815301076,1909f56bfc062723c751e8b465ee728b)
Start importing Assets/Scriptables/Code/EquipmentData.cs using Guid(b38141693a557a048b90063318ffd138) Importer(815301076,1909f56bfc062723c751e8b465ee728b)  -> (artifact id: 'e357edc492923779825cc022e1239ef7') in 0.008395 seconds 
========================================================================
Received Import Request.
  Time since last request: 0.625143 seconds.
  path: Assets/Scriptables/Code/WeaponData.cs
  artifactKey: Guid(e46e7f5ad1f1dd04c8d6c6a5571030ad) Importer(815301076,1909f56bfc062723c751e8b465ee728b)
Start importing Assets/Scriptables/Code/WeaponData.cs using Guid(e46e7f5ad1f1dd04c8d6c6a5571030ad) Importer(815301076,1909f56bfc062723c751e8b465ee728b)  -> (artifact id: '9b6583fce3af6e3358d67efe6c08059c') in 0.003153 seconds 
========================================================================
Received Prepare
Registering precompiled user dll's ...
Registered in 0.009899 seconds.
Begin MonoManager ReloadAssembly
Native extension for WindowsStandalone target not found
Refreshing native plugins compatible for Editor in 0.84 ms, found 1 plugins.
Preloading 0 native plugins for Editor in 0.00 ms.
Mono: successfully reloaded assembly
- Completed reload, in  1.695 seconds
Platform modules already initialized, skipping
Shader 'Universal Render Pipeline/Particles/Lit': fallback shader 'Universal Render Pipeline/Particles/SimpleLit' not found
Refreshing native plugins compatible for Editor in 0.82 ms, found 1 plugins.
Preloading 0 native plugins for Editor in 0.00 ms.
Unloading 3924 Unused Serialized files (Serialized files now loaded: 0)
System memory in use before: 224.0 MB.
System memory in use after: 224.2 MB.

Unloading 20 unused Assets to reduce memory usage. Loaded Objects now: 4513.
Total: 22.924000 ms (FindLiveObjects: 0.347500 ms CreateObjectMapping: 0.099500 ms MarkObjects: 22.380100 ms  DeleteObjects: 0.094600 ms)

========================================================================
Received Import Request.
  Time since last request: 40.042390 seconds.
  path: Assets/Scriptables/EquipmentData
  artifactKey: Guid(618c8f893d79f2542998274ce91aa679) Importer(815301076,1909f56bfc062723c751e8b465ee728b)
Start importing Assets/Scriptables/EquipmentData using Guid(618c8f893d79f2542998274ce91aa679) Importer(815301076,1909f56bfc062723c751e8b465ee728b)  -> (artifact id: '82a06b7a09c0d4b4a5e23eec2583b461') in 0.008507 seconds 
========================================================================
Received Import Request.
  Time since last request: 13.190295 seconds.
  path: Assets/Scriptables/EquipmentData/BasicHardpoint.asset
  artifactKey: Guid(39cf91a9055198c48a4273f1a230e8dd) Importer(815301076,1909f56bfc062723c751e8b465ee728b)
Start importing Assets/Scriptables/EquipmentData/BasicHardpoint.asset using Guid(39cf91a9055198c48a4273f1a230e8dd) Importer(815301076,1909f56bfc062723c751e8b465ee728b)  -> (artifact id: '3574b2cf2cdae39af4e3be673cc1d976') in 0.048043 seconds 
========================================================================
Received Import Request.
  Time since last request: 6.143548 seconds.
  path: Assets/Scriptables/EquipmentData/BasicHardpoint.asset
  artifactKey: Guid(39cf91a9055198c48a4273f1a230e8dd) Importer(815301076,1909f56bfc062723c751e8b465ee728b)
Start importing Assets/Scriptables/EquipmentData/BasicHardpoint.asset using Guid(39cf91a9055198c48a4273f1a230e8dd) Importer(815301076,1909f56bfc062723c751e8b465ee728b)  -> (artifact id: 'e6f35d309a4b3b53e041579f83b9f3bf') in 0.003672 seconds 
========================================================================
Received Import Request.
  Time since last request: 5.741896 seconds.
  path: Assets/Scriptables/WeaponData/BasicPhaser.asset
  artifactKey: Guid(6fc8ca3df35104845bfdd00194bc81b3) Importer(815301076,1909f56bfc062723c751e8b465ee728b)
Start importing Assets/Scriptables/WeaponData/BasicPhaser.asset using Guid(6fc8ca3df35104845bfdd00194bc81b3) Importer(815301076,1909f56bfc062723c751e8b465ee728b)  -> (artifact id: '677cc767c7f16f1f6a563cb133a5dbdd') in 0.003876 seconds 
========================================================================
Received Import Request.
  Time since last request: 0.984933 seconds.
  path: Assets/Scriptables/WeaponData/BasicPhaser 1.asset
  artifactKey: Guid(dd7f1b20e906eab458e835609b1f286e) Importer(815301076,1909f56bfc062723c751e8b465ee728b)
Start importing Assets/Scriptables/WeaponData/BasicPhaser 1.asset using Guid(dd7f1b20e906eab458e835609b1f286e) Importer(815301076,1909f56bfc062723c751e8b465ee728b)  -> (artifact id: '3bade3ac796ffaa5f367825942503829') in 0.008514 seconds 
========================================================================
Received Import Request.
  Time since last request: 6.929701 seconds.
  path: Assets/Scriptables/WeaponData/BasicTorpedo.asset
  artifactKey: Guid(dd7f1b20e906eab458e835609b1f286e) Importer(815301076,1909f56bfc062723c751e8b465ee728b)
Start importing Assets/Scriptables/WeaponData/BasicTorpedo.asset using Guid(dd7f1b20e906eab458e835609b1f286e) Importer(815301076,1909f56bfc062723c751e8b465ee728b)  -> (artifact id: '21b2243e69512e997546162520a0af0b') in 0.008400 seconds 
========================================================================
Received Prepare
Registering precompiled user dll's ...
Registered in 0.012528 seconds.
Begin MonoManager ReloadAssembly
Native extension for WindowsStandalone target not found
Refreshing native plugins compatible for Editor in 0.84 ms, found 1 plugins.
Preloading 0 native plugins for Editor in 0.00 ms.
Mono: successfully reloaded assembly
- Completed reload, in  1.700 seconds
Platform modules already initialized, skipping
Shader 'Universal Render Pipeline/Particles/Lit': fallback shader 'Universal Render Pipeline/Particles/SimpleLit' not found
Refreshing native plugins compatible for Editor in 0.82 ms, found 1 plugins.
Preloading 0 native plugins for Editor in 0.00 ms.
Unloading 3924 Unused Serialized files (Serialized files now loaded: 0)
System memory in use before: 224.0 MB.
System memory in use after: 224.3 MB.

Unloading 20 unused Assets to reduce memory usage. Loaded Objects now: 4516.
Total: 23.323800 ms (FindLiveObjects: 0.355000 ms CreateObjectMapping: 0.100800 ms MarkObjects: 22.787700 ms  DeleteObjects: 0.078500 ms)

========================================================================
Received Import Request.
  Time since last request: 51.424831 seconds.
  path: Assets/Scriptables/WeaponData/BasicTorpedo.asset
  artifactKey: Guid(dd7f1b20e906eab458e835609b1f286e) Importer(815301076,1909f56bfc062723c751e8b465ee728b)
Start importing Assets/Scriptables/WeaponData/BasicTorpedo.asset using Guid(dd7f1b20e906eab458e835609b1f286e) Importer(815301076,1909f56bfc062723c751e8b465ee728b)  -> (artifact id: '0d91511b6f23fb7e2fd37bd96be28fb1') in 0.027985 seconds 
========================================================================
Received Import Request.
  Time since last request: 659.215107 seconds.
  path: Assets/_Scripts/Utilities/IShipSystem.cs
  artifactKey: Guid(12533724dec7f0344b9094caac3b1236) Importer(815301076,1909f56bfc062723c751e8b465ee728b)
Start importing Assets/_Scripts/Utilities/IShipSystem.cs using Guid(12533724dec7f0344b9094caac3b1236) Importer(815301076,1909f56bfc062723c751e8b465ee728b)  -> (artifact id: 'de6a8095aaf4b7cbd1520ad678c5eb0f') in 0.008621 seconds 
========================================================================
Received Prepare
Registering precompiled user dll's ...
Registered in 0.009659 seconds.
Begin MonoManager ReloadAssembly
Native extension for WindowsStandalone target not found
Refreshing native plugins compatible for Editor in 0.83 ms, found 1 plugins.
Preloading 0 native plugins for Editor in 0.00 ms.
Mono: successfully reloaded assembly
- Completed reload, in  1.707 seconds
Platform modules already initialized, skipping
Shader 'Universal Render Pipeline/Particles/Lit': fallback shader 'Universal Render Pipeline/Particles/SimpleLit' not found
Refreshing native plugins compatible for Editor in 0.81 ms, found 1 plugins.
Preloading 0 native plugins for Editor in 0.00 ms.
Unloading 3925 Unused Serialized files (Serialized files now loaded: 0)
System memory in use before: 224.1 MB.
System memory in use after: 224.3 MB.

Unloading 20 unused Assets to reduce memory usage. Loaded Objects now: 4520.
Total: 23.165100 ms (FindLiveObjects: 0.374000 ms CreateObjectMapping: 0.105700 ms MarkObjects: 22.601600 ms  DeleteObjects: 0.082100 ms)

========================================================================
Received Import Request.
  Time since last request: 700.506626 seconds.
  path: Assets/_Scripts/Utilities/IShipSystem.cs
  artifactKey: Guid(12533724dec7f0344b9094caac3b1236) Importer(815301076,1909f56bfc062723c751e8b465ee728b)
Start importing Assets/_Scripts/Utilities/IShipSystem.cs using Guid(12533724dec7f0344b9094caac3b1236) Importer(815301076,1909f56bfc062723c751e8b465ee728b)  -> (artifact id: 'ff5b3ce405c3fa257e3bf9194485da2d') in 0.008476 seconds 
========================================================================
Received Import Request.
  Time since last request: 95.752079 seconds.
  path: Assets/_Scripts/SystemSlot.cs
  artifactKey: Guid(2651a4e40c78b9b4f945d2c749ecc3b3) Importer(815301076,1909f56bfc062723c751e8b465ee728b)
Start importing Assets/_Scripts/SystemSlot.cs using Guid(2651a4e40c78b9b4f945d2c749ecc3b3) Importer(815301076,1909f56bfc062723c751e8b465ee728b)  -> (artifact id: 'd2bfc9c2ff7b4d9383b542dbda9a530b') in 0.008703 seconds 
========================================================================
Received Prepare
Registering precompiled user dll's ...
Registered in 0.009487 seconds.
Begin MonoManager ReloadAssembly
Native extension for WindowsStandalone target not found
Refreshing native plugins compatible for Editor in 0.90 ms, found 1 plugins.
Preloading 0 native plugins for Editor in 0.00 ms.
Mono: successfully reloaded assembly
- Completed reload, in  1.836 seconds
Platform modules already initialized, skipping
Shader 'Universal Render Pipeline/Particles/Lit': fallback shader 'Universal Render Pipeline/Particles/SimpleLit' not found
Refreshing native plugins compatible for Editor in 0.82 ms, found 1 plugins.
Preloading 0 native plugins for Editor in 0.00 ms.
Unloading 3926 Unused Serialized files (Serialized files now loaded: 0)
System memory in use before: 224.1 MB.
System memory in use after: 224.3 MB.

Unloading 20 unused Assets to reduce memory usage. Loaded Objects now: 4524.
Total: 22.830100 ms (FindLiveObjects: 0.512500 ms CreateObjectMapping: 0.107600 ms MarkObjects: 22.091100 ms  DeleteObjects: 0.116800 ms)

========================================================================
Received Import Request.
  Time since last request: 381.725477 seconds.
  path: Assets/_Scripts/SystemSlot.cs
  artifactKey: Guid(2651a4e40c78b9b4f945d2c749ecc3b3) Importer(815301076,1909f56bfc062723c751e8b465ee728b)
Start importing Assets/_Scripts/SystemSlot.cs using Guid(2651a4e40c78b9b4f945d2c749ecc3b3) Importer(815301076,1909f56bfc062723c751e8b465ee728b)  -> (artifact id: '2e49d21692c8bb4c1d6da82f005b4917') in 0.008408 seconds 
========================================================================
Received Import Request.
  Time since last request: 16.617223 seconds.
  path: Assets/_Scripts/Utilities/IEquipable.cs
  artifactKey: Guid(6322b1943db948847b4c3eb292fba6bb) Importer(815301076,1909f56bfc062723c751e8b465ee728b)
Start importing Assets/_Scripts/Utilities/IEquipable.cs using Guid(6322b1943db948847b4c3eb292fba6bb) Importer(815301076,1909f56bfc062723c751e8b465ee728b)  -> (artifact id: 'ca213dd2f797b9247ab1ed87ed8f90c0') in 0.008804 seconds 
========================================================================
Received Prepare
Registering precompiled user dll's ...
Registered in 0.009754 seconds.
Begin MonoManager ReloadAssembly
Native extension for WindowsStandalone target not found
Refreshing native plugins compatible for Editor in 0.84 ms, found 1 plugins.
Preloading 0 native plugins for Editor in 0.00 ms.
Mono: successfully reloaded assembly
- Completed reload, in  1.756 seconds
Platform modules already initialized, skipping
Shader 'Universal Render Pipeline/Particles/Lit': fallback shader 'Universal Render Pipeline/Particles/SimpleLit' not found
Refreshing native plugins compatible for Editor in 0.89 ms, found 1 plugins.
Preloading 0 native plugins for Editor in 0.00 ms.
Unloading 3927 Unused Serialized files (Serialized files now loaded: 0)
System memory in use before: 224.1 MB.
System memory in use after: 224.3 MB.

Unloading 20 unused Assets to reduce memory usage. Loaded Objects now: 4528.
Total: 22.353000 ms (FindLiveObjects: 0.349600 ms CreateObjectMapping: 0.098600 ms MarkObjects: 21.805900 ms  DeleteObjects: 0.096900 ms)

========================================================================
Received Import Request.
  Time since last request: 1062.966880 seconds.
  path: Assets/_Scripts/Utilities/IEquipable.cs
  artifactKey: Guid(6322b1943db948847b4c3eb292fba6bb) Importer(815301076,1909f56bfc062723c751e8b465ee728b)
Start importing Assets/_Scripts/Utilities/IEquipable.cs using Guid(6322b1943db948847b4c3eb292fba6bb) Importer(815301076,1909f56bfc062723c751e8b465ee728b)  -> (artifact id: '1794cfd35545c7d8d4e2df181d772845') in 0.009400 seconds 
